<?xml version="1.0" encoding="UTF-8"?>
<testsuite xmlns:xsi="http://www.w3.org/2001/XMLSchema-instance" xsi:schemaLocation="https://maven.apache.org/surefire/maven-surefire-plugin/xsd/surefire-test-report.xsd" name="pt.upa.transporter.ws.it.ExampleIT" time="55.996" tests="30" errors="0" skipped="0" failures="1">
  <properties>
[...]
</properties>
  <testcase name="testRequestJob10" classname="pt.upa.transporter.ws.it.ExampleIT" time="1.219"/>
  <testcase name="testRequestJob11" classname="pt.upa.transporter.ws.it.ExampleIT" time="0.997"/>
  <testcase name="testRequestJob12" classname="pt.upa.transporter.ws.it.ExampleIT" time="0.815"/>
  <testcase name="testRequestJob13" classname="pt.upa.transporter.ws.it.ExampleIT" time="0.752"/>
  <testcase name="testRequestJob14" classname="pt.upa.transporter.ws.it.ExampleIT" time="0.663"/>
  <testcase name="testRequestJob15" classname="pt.upa.transporter.ws.it.ExampleIT" time="0.631"/>
  <testcase name="testRequestJob16" classname="pt.upa.transporter.ws.it.ExampleIT" time="0.621"/>
  <testcase name="testRequestJob17" classname="pt.upa.transporter.ws.it.ExampleIT" time="1.86"/>
  <testcase name="testPing" classname="pt.upa.transporter.ws.it.ExampleIT" time="0.659"/>
  <testcase name="testRequestJob" classname="pt.upa.transporter.ws.it.ExampleIT" time="0.565"/>
  <testcase name="testClearJobs" classname="pt.upa.transporter.ws.it.ExampleIT" time="1.386"/>
  <testcase name="testJobStatus1" classname="pt.upa.transporter.ws.it.ExampleIT" time="0.763"/>
  <testcase name="testJobStatus2" classname="pt.upa.transporter.ws.it.ExampleIT" time="0.8"/>
  <testcase name="testRequestJob1" classname="pt.upa.transporter.ws.it.ExampleIT" time="0.451"/>
  <testcase name="testRequestJob2" classname="pt.upa.transporter.ws.it.ExampleIT" time="0.465"/>
  <testcase name="testRequestJob3" classname="pt.upa.transporter.ws.it.ExampleIT" time="0.606"/>
  <testcase name="testRequestJob4" classname="pt.upa.transporter.ws.it.ExampleIT" time="0.657"/>
  <testcase name="testRequestJob5" classname="pt.upa.transporter.ws.it.ExampleIT" time="0.597"/>
  <testcase name="testRequestJob6" classname="pt.upa.transporter.ws.it.ExampleIT" time="0.599"/>
  <testcase name="testRequestJob7" classname="pt.upa.transporter.ws.it.ExampleIT" time="0.608"/>
  <testcase name="testRequestJob8" classname="pt.upa.transporter.ws.it.ExampleIT" time="0.648"/>
  <testcase name="testRequestJob9" classname="pt.upa.transporter.ws.it.ExampleIT" time="0.595"/>
  <testcase name="testDecideJob" classname="pt.upa.transporter.ws.it.ExampleIT" time="0.583"/>
  <testcase name="testDecideJob1" classname="pt.upa.transporter.ws.it.ExampleIT" time="0.813"/>
  <testcase name="testDecideJob2" classname="pt.upa.transporter.ws.it.ExampleIT" time="0.856"/>
  <testcase name="testDecideJob3" classname="pt.upa.transporter.ws.it.ExampleIT" time="0.778"/>
  <testcase name="testDecideJob4" classname="pt.upa.transporter.ws.it.ExampleIT" time="17.254"/>
  <testcase name="testDecideJob5" classname="pt.upa.transporter.ws.it.ExampleIT" time="14.091">
    <failure type="java.lang.AssertionError">java.lang.AssertionError
	at pt.upa.transporter.ws.it.ExampleIT.testDecideJob5(ExampleIT.java:293)
</failure>
    <system-out><![CDATA[Outbound SOAP message:
<S:Envelope xmlns:S="http://schemas.xmlsoap.org/soap/envelope/" xmlns:SOAP-ENV="http://schemas.xmlsoap.org/soap/envelope/"><SOAP-ENV:Header/><S:Body><ns2:requestJob xmlns:ns2="http://ws.transporter.upa.pt/"><origin>Lisboa</origin><destination>Coimbra</destination><price>10</price></ns2:requestJob></S:Body></S:Envelope>
AddHeaderHandler: Handling message.
Text:
[S:Body: null]
Bytes:
5B533A426F64793A206E756C6C5D
Signing ...
Caught exception in handleMessage: java.lang.NullPointerException
Continue normal processing...
AddHeaderHandler: Handling message.
Text:
[S:Body: null]
Bytes:
5B533A426F64793A206E756C6C5D
got 'UpaTransporter1'
Contacting UDDI at http://localhost:9090
Looking for 'Ca'
Found http://localhost:8090/ca-ws/endpoint
Creating stub ...
Setting endpoint address ...
[
[
  Version: V1
  Subject: CN=DistributedSystems, OU=DEI, O=IST, L=Lisbon, ST=Lisbon, C=PT
  Signature Algorithm: SHA256withRSA, OID = 1.2.840.113549.1.1.11

  Key:  Sun RSA public key, 2048 bits
  modulus: 26667733344901105960569751727828569487214718708670945411188295642815606009560465347954545110592222944090982918465809468419238097364240524173209724878583398722100079734240131613765957603945675438531277654589865657668875533447087897042522082820053362269921081494634218619103722283987100002127744495735659330377296158667180517233635226043251542377330609155607362306352555072875158429670985653207961321353434474546723452521700302196843309492385382168858877968545394718449793701241526884292374101949696866959127615458759504166010855854580719538864213377660845095685904776645547354617687492052899918169806504259680521841033
  public exponent: 65537
  Validity: [From: Thu May 12 17:06:51 WEST 2016,
               To: Wed Aug 10 17:06:51 WEST 2016]
  Issuer: C=PT, L=Lisbon, O=IST, OU=DEI, CN=DistributedSystems
  SerialNumber: [    e012b535 b8ce9382]

]
  Algorithm: [SHA256withRSA]
  Signature:
0000: 26 0A 45 7B D7 52 8A 8F   BE 4A 66 D8 54 FC 68 C3  &.E..R...Jf.T.h.
0010: 07 08 D8 44 DB D3 C7 BB   DF C4 0D 18 28 67 D4 30  ...D........(g.0
0020: 15 3D 66 17 A9 74 76 FA   56 61 99 2F 46 EE 96 DF  .=f..tv.Va./F...
0030: 92 9C 25 F4 7B D3 39 73   40 C1 8C B4 3A EF A5 23  ..%...9s@...:..#
0040: 95 06 4F 35 39 79 13 AF   44 7A 82 C4 E5 E8 E9 7E  ..O59y..Dz......
0050: C7 A5 C8 A5 C4 BB ED 1A   FA EF C1 B2 80 1F 7F A8  ................
0060: 1E 67 EE 56 2D 28 B8 55   1C 80 E9 2B 0E 59 12 B2  .g.V-(.U...+.Y..
0070: 35 B6 86 94 01 F9 F0 BF   61 5F BB 14 74 1B 12 C7  5.......a_..t...
0080: 81 90 F4 53 6B A9 C1 C8   D3 2F 83 09 D4 1F B0 76  ...Sk..../.....v
0090: B6 4A 83 1F DD F0 36 BD   FC F0 E8 D3 60 E9 88 74  .J....6.....`..t
00A0: D6 0D F4 92 ED A0 27 B1   B0 8E 0F E0 B8 04 6B F9  ......'.......k.
00B0: D5 FF E2 7E A2 E7 08 E1   08 9D 2D 17 14 A9 B8 44  ..........-....D
00C0: 33 63 DB 1C 96 0A D4 46   0F FF 5D 88 86 36 B6 A8  3c.....F..]..6..
00D0: 0A F2 97 30 17 3B B1 DB   4F AE DF 35 08 8E 82 58  ...0.;..O..5...X
00E0: 42 5B E2 F8 4D CE BB E9   D7 07 1F C3 00 5C C4 78  B[..M........\.x
00F0: AA 02 86 4D CF D2 66 FE   47 80 7C CB E6 0C DD 2F  ...M..f.G....../

]
Caught exception in handleMessage: java.lang.NullPointerException
Continue normal processing...
Inbound SOAP message:
<S:Envelope xmlns:S="http://schemas.xmlsoap.org/soap/envelope/" xmlns:SOAP-ENV="http://schemas.xmlsoap.org/soap/envelope/"><SOAP-ENV:Header><d:myHeader xmlns:d="http://demo">IEGRPc962kg+hlwcSZ2tSpA/WIcuXLqc0Dt7tLnzsnmUSvYpBqSIurGK1XLkdJJnolwU1ulBn8cRy8yeKQudj1ii32rLCNrXQGPfqq0SKVsY+8CYkqoYxnYwDqFYEl0EezEFgQSz7OjxY4aVj1euEZYHz++LcOLfwQiDMwW4lieRNRRjFR5PLHA2WUnZyRq5RqCjD8YuH+rStV8GhqlQV7OeWUsmNARh5MVGHtH+58I6kOZsLVMToLR62YfvGebEvxrvRQNGPFfQjNAB+4jGiqSE5ChIZqqakMhQeCu9sKG4WDyxqy7SEGSFyTBa5vBwBnxlytVku0XJXTwN2vsbag==</d:myHeader><e:myRequestHeader xmlns:e="urn:example">UpaTransporter1</e:myRequestHeader><e:myID xmlns:e="http://demo">51c8bf66-6800-44ff-a8a4-8bae6d8abe65</e:myID><d:myHeader1 xmlns:d="http://demo">D+ZytJ5eGaKUtdt0NTzeP7ldJvcMFVZCs1jIXaQ3CJM5MBsh7QOWtoqzvEiOLsLN9B+gVQdAs6Qo1zIIyghPubnc7M4xjhHGosVMvRNseFwmcYsoXCdSMbO8JkC2Qew1ebonK1FF5U1IOj+Bn8s6KV7+DSbvsgGyxQyrIgtLX1ZlMO1Fwwc7B3ZngXlvtNsMCvXvA2E3Z/WN/pW2zyVVgtl5+e1bmyHCg5xi8mnkOr8Iv35WIxib6oELr0pIdoSmq9Fl1AvG3EvvC34sloZEwkvxsngbRKkSRyeV8VYW3Scx1vmaLBIR/BNzDYE1pKOPfm5+NDRtVifaivxpwl1hvw==</d:myHeader1></SOAP-ENV:Header><S:Body><ns2:requestJobResponse xmlns:ns2="http://ws.transporter.upa.pt/"><return><companyName>UpaTransporter1</companyName><jobIdentifier>0</jobIdentifier><jobOrigin>Lisboa</jobOrigin><jobDestination>Coimbra</jobDestination><jobPrice>5</jobPrice><jobState>PROPOSED</jobState></return></ns2:requestJobResponse></S:Body></S:Envelope>
Outbound SOAP message:
<S:Envelope xmlns:S="http://schemas.xmlsoap.org/soap/envelope/" xmlns:SOAP-ENV="http://schemas.xmlsoap.org/soap/envelope/"><SOAP-ENV:Header/><S:Body><ns2:decideJob xmlns:ns2="http://ws.transporter.upa.pt/"><id>0</id><accept>true</accept></ns2:decideJob></S:Body></S:Envelope>
AddHeaderHandler: Handling message.
Text:
[S:Body: null]
Bytes:
5B533A426F64793A206E756C6C5D
Signing ...
Caught exception in handleMessage: java.lang.NullPointerException
Continue normal processing...
AddHeaderHandler: Handling message.
Text:
[S:Body: null]
Bytes:
5B533A426F64793A206E756C6C5D
got 'UpaTransporter1'
Contacting UDDI at http://localhost:9090
Looking for 'Ca'
Found http://localhost:8090/ca-ws/endpoint
Creating stub ...
Setting endpoint address ...
[
[
  Version: V1
  Subject: CN=DistributedSystems, OU=DEI, O=IST, L=Lisbon, ST=Lisbon, C=PT
  Signature Algorithm: SHA256withRSA, OID = 1.2.840.113549.1.1.11

  Key:  Sun RSA public key, 2048 bits
  modulus: 26667733344901105960569751727828569487214718708670945411188295642815606009560465347954545110592222944090982918465809468419238097364240524173209724878583398722100079734240131613765957603945675438531277654589865657668875533447087897042522082820053362269921081494634218619103722283987100002127744495735659330377296158667180517233635226043251542377330609155607362306352555072875158429670985653207961321353434474546723452521700302196843309492385382168858877968545394718449793701241526884292374101949696866959127615458759504166010855854580719538864213377660845095685904776645547354617687492052899918169806504259680521841033
  public exponent: 65537
  Validity: [From: Thu May 12 17:06:51 WEST 2016,
               To: Wed Aug 10 17:06:51 WEST 2016]
  Issuer: C=PT, L=Lisbon, O=IST, OU=DEI, CN=DistributedSystems
  SerialNumber: [    e012b535 b8ce9382]

]
  Algorithm: [SHA256withRSA]
  Signature:
0000: 26 0A 45 7B D7 52 8A 8F   BE 4A 66 D8 54 FC 68 C3  &.E..R...Jf.T.h.
0010: 07 08 D8 44 DB D3 C7 BB   DF C4 0D 18 28 67 D4 30  ...D........(g.0
0020: 15 3D 66 17 A9 74 76 FA   56 61 99 2F 46 EE 96 DF  .=f..tv.Va./F...
0030: 92 9C 25 F4 7B D3 39 73   40 C1 8C B4 3A EF A5 23  ..%...9s@...:..#
0040: 95 06 4F 35 39 79 13 AF   44 7A 82 C4 E5 E8 E9 7E  ..O59y..Dz......
0050: C7 A5 C8 A5 C4 BB ED 1A   FA EF C1 B2 80 1F 7F A8  ................
0060: 1E 67 EE 56 2D 28 B8 55   1C 80 E9 2B 0E 59 12 B2  .g.V-(.U...+.Y..
0070: 35 B6 86 94 01 F9 F0 BF   61 5F BB 14 74 1B 12 C7  5.......a_..t...
0080: 81 90 F4 53 6B A9 C1 C8   D3 2F 83 09 D4 1F B0 76  ...Sk..../.....v
0090: B6 4A 83 1F DD F0 36 BD   FC F0 E8 D3 60 E9 88 74  .J....6.....`..t
00A0: D6 0D F4 92 ED A0 27 B1   B0 8E 0F E0 B8 04 6B F9  ......'.......k.
00B0: D5 FF E2 7E A2 E7 08 E1   08 9D 2D 17 14 A9 B8 44  ..........-....D
00C0: 33 63 DB 1C 96 0A D4 46   0F FF 5D 88 86 36 B6 A8  3c.....F..]..6..
00D0: 0A F2 97 30 17 3B B1 DB   4F AE DF 35 08 8E 82 58  ...0.;..O..5...X
00E0: 42 5B E2 F8 4D CE BB E9   D7 07 1F C3 00 5C C4 78  B[..M........\.x
00F0: AA 02 86 4D CF D2 66 FE   47 80 7C CB E6 0C DD 2F  ...M..f.G....../

]
Caught exception in handleMessage: java.lang.NullPointerException
Continue normal processing...
Inbound SOAP message:
<S:Envelope xmlns:S="http://schemas.xmlsoap.org/soap/envelope/" xmlns:SOAP-ENV="http://schemas.xmlsoap.org/soap/envelope/"><SOAP-ENV:Header><d:myHeader xmlns:d="http://demo">IEGRPc962kg+hlwcSZ2tSpA/WIcuXLqc0Dt7tLnzsnmUSvYpBqSIurGK1XLkdJJnolwU1ulBn8cRy8yeKQudj1ii32rLCNrXQGPfqq0SKVsY+8CYkqoYxnYwDqFYEl0EezEFgQSz7OjxY4aVj1euEZYHz++LcOLfwQiDMwW4lieRNRRjFR5PLHA2WUnZyRq5RqCjD8YuH+rStV8GhqlQV7OeWUsmNARh5MVGHtH+58I6kOZsLVMToLR62YfvGebEvxrvRQNGPFfQjNAB+4jGiqSE5ChIZqqakMhQeCu9sKG4WDyxqy7SEGSFyTBa5vBwBnxlytVku0XJXTwN2vsbag==</d:myHeader><e:myRequestHeader xmlns:e="urn:example">UpaTransporter1</e:myRequestHeader><e:myID xmlns:e="http://demo">240595e1-34ab-4d11-8a1b-b3a42d0553ea</e:myID><d:myHeader1 xmlns:d="http://demo">HkHVJNK05yMDZXQhEmdbPXOc5vbQn9HqEz8mfxqeEE44rDiIh8Pgu/ai1SdsXCYmSaunCLLq+jCDibob+yqqwoTis3g9UkXrJOYj0EQU/srtOWxfESYbYxsaEE/+3b/+EdP1aToF5XcUOq9pLZyLG5ig4JLHdLkeFHM9Slh4GF3KUCnCfLS7oBZBKEbNUnSlQQW/QMN7gsP+fxSkg1LkxAPAZhbZvGLP2hIvE9ElvLh2W8oJ0RqQix4gpG1MWAX28aRGNBy+aK0RvJfeMyXJa8Lwz0/9rRhFiQGNSBUU7Cjji6qVKM1qQvcyyGCjeuIA4yk2P4slu2SqtRTKJNThmQ==</d:myHeader1></SOAP-ENV:Header><S:Body><ns2:decideJobResponse xmlns:ns2="http://ws.transporter.upa.pt/"><return><companyName>UpaTransporter1</companyName><jobIdentifier>0</jobIdentifier><jobOrigin>Lisboa</jobOrigin><jobDestination>Coimbra</jobDestination><jobPrice>5</jobPrice><jobState>ACCEPTED</jobState></return></ns2:decideJobResponse></S:Body></S:Envelope>
Outbound SOAP message:
<S:Envelope xmlns:S="http://schemas.xmlsoap.org/soap/envelope/" xmlns:SOAP-ENV="http://schemas.xmlsoap.org/soap/envelope/"><SOAP-ENV:Header/><S:Body><ns2:jobStatus xmlns:ns2="http://ws.transporter.upa.pt/"><id>0</id></ns2:jobStatus></S:Body></S:Envelope>
AddHeaderHandler: Handling message.
Text:
[S:Body: null]
Bytes:
5B533A426F64793A206E756C6C5D
Signing ...
Caught exception in handleMessage: java.lang.NullPointerException
Continue normal processing...
AddHeaderHandler: Handling message.
Text:
[S:Body: null]
Bytes:
5B533A426F64793A206E756C6C5D
got 'UpaTransporter1'
Contacting UDDI at http://localhost:9090
Looking for 'Ca'
Found http://localhost:8090/ca-ws/endpoint
Creating stub ...
Setting endpoint address ...
[
[
  Version: V1
  Subject: CN=DistributedSystems, OU=DEI, O=IST, L=Lisbon, ST=Lisbon, C=PT
  Signature Algorithm: SHA256withRSA, OID = 1.2.840.113549.1.1.11

  Key:  Sun RSA public key, 2048 bits
  modulus: 26667733344901105960569751727828569487214718708670945411188295642815606009560465347954545110592222944090982918465809468419238097364240524173209724878583398722100079734240131613765957603945675438531277654589865657668875533447087897042522082820053362269921081494634218619103722283987100002127744495735659330377296158667180517233635226043251542377330609155607362306352555072875158429670985653207961321353434474546723452521700302196843309492385382168858877968545394718449793701241526884292374101949696866959127615458759504166010855854580719538864213377660845095685904776645547354617687492052899918169806504259680521841033
  public exponent: 65537
  Validity: [From: Thu May 12 17:06:51 WEST 2016,
               To: Wed Aug 10 17:06:51 WEST 2016]
  Issuer: C=PT, L=Lisbon, O=IST, OU=DEI, CN=DistributedSystems
  SerialNumber: [    e012b535 b8ce9382]

]
  Algorithm: [SHA256withRSA]
  Signature:
0000: 26 0A 45 7B D7 52 8A 8F   BE 4A 66 D8 54 FC 68 C3  &.E..R...Jf.T.h.
0010: 07 08 D8 44 DB D3 C7 BB   DF C4 0D 18 28 67 D4 30  ...D........(g.0
0020: 15 3D 66 17 A9 74 76 FA   56 61 99 2F 46 EE 96 DF  .=f..tv.Va./F...
0030: 92 9C 25 F4 7B D3 39 73   40 C1 8C B4 3A EF A5 23  ..%...9s@...:..#
0040: 95 06 4F 35 39 79 13 AF   44 7A 82 C4 E5 E8 E9 7E  ..O59y..Dz......
0050: C7 A5 C8 A5 C4 BB ED 1A   FA EF C1 B2 80 1F 7F A8  ................
0060: 1E 67 EE 56 2D 28 B8 55   1C 80 E9 2B 0E 59 12 B2  .g.V-(.U...+.Y..
0070: 35 B6 86 94 01 F9 F0 BF   61 5F BB 14 74 1B 12 C7  5.......a_..t...
0080: 81 90 F4 53 6B A9 C1 C8   D3 2F 83 09 D4 1F B0 76  ...Sk..../.....v
0090: B6 4A 83 1F DD F0 36 BD   FC F0 E8 D3 60 E9 88 74  .J....6.....`..t
00A0: D6 0D F4 92 ED A0 27 B1   B0 8E 0F E0 B8 04 6B F9  ......'.......k.
00B0: D5 FF E2 7E A2 E7 08 E1   08 9D 2D 17 14 A9 B8 44  ..........-....D
00C0: 33 63 DB 1C 96 0A D4 46   0F FF 5D 88 86 36 B6 A8  3c.....F..]..6..
00D0: 0A F2 97 30 17 3B B1 DB   4F AE DF 35 08 8E 82 58  ...0.;..O..5...X
00E0: 42 5B E2 F8 4D CE BB E9   D7 07 1F C3 00 5C C4 78  B[..M........\.x
00F0: AA 02 86 4D CF D2 66 FE   47 80 7C CB E6 0C DD 2F  ...M..f.G....../

]
Caught exception in handleMessage: java.lang.NullPointerException
Continue normal processing...
Inbound SOAP message:
<S:Envelope xmlns:S="http://schemas.xmlsoap.org/soap/envelope/" xmlns:SOAP-ENV="http://schemas.xmlsoap.org/soap/envelope/"><SOAP-ENV:Header><d:myHeader xmlns:d="http://demo">IEGRPc962kg+hlwcSZ2tSpA/WIcuXLqc0Dt7tLnzsnmUSvYpBqSIurGK1XLkdJJnolwU1ulBn8cRy8yeKQudj1ii32rLCNrXQGPfqq0SKVsY+8CYkqoYxnYwDqFYEl0EezEFgQSz7OjxY4aVj1euEZYHz++LcOLfwQiDMwW4lieRNRRjFR5PLHA2WUnZyRq5RqCjD8YuH+rStV8GhqlQV7OeWUsmNARh5MVGHtH+58I6kOZsLVMToLR62YfvGebEvxrvRQNGPFfQjNAB+4jGiqSE5ChIZqqakMhQeCu9sKG4WDyxqy7SEGSFyTBa5vBwBnxlytVku0XJXTwN2vsbag==</d:myHeader><e:myRequestHeader xmlns:e="urn:example">UpaTransporter1</e:myRequestHeader><e:myID xmlns:e="http://demo">1d356c15-3b75-42de-bb8f-25af2af331d2</e:myID><d:myHeader1 xmlns:d="http://demo">0kEgGk/r+vDwuh/iU+j3T+opma1hL2n5PrrUqMjolU24/qd1IG9THRBOofw7YoWceAlx46KGZGBOnDLsluwec90xkN2uqAnxcqfDV3KIWoNplG7IurITQ20IHMH93JzsOQgxMcWNKYo+p3Gi6kLRtxYwah4CEY9oOoAXVnfGeUxVTOSKjcpYTBIPr4LiaAJ91QF6WrbOIJf0S5aUwNEe65k89T80s4fnuGpefoEwkVzuGh/l40dpiBIZQNBnh/WmSODBeHVJVI8rRLLMAZ4ctbfOdDF0yXxlsjrHOxLPvbmxSn4EFISicBtFv3Ym95rrXnkXEa5Ajk5wSX9sGdzj8A==</d:myHeader1></SOAP-ENV:Header><S:Body><ns2:jobStatusResponse xmlns:ns2="http://ws.transporter.upa.pt/"><return><companyName>UpaTransporter1</companyName><jobIdentifier>0</jobIdentifier><jobOrigin>Lisboa</jobOrigin><jobDestination>Coimbra</jobDestination><jobPrice>5</jobPrice><jobState>ACCEPTED</jobState></return></ns2:jobStatusResponse></S:Body></S:Envelope>
Outbound SOAP message:
<S:Envelope xmlns:S="http://schemas.xmlsoap.org/soap/envelope/" xmlns:SOAP-ENV="http://schemas.xmlsoap.org/soap/envelope/"><SOAP-ENV:Header/><S:Body><ns2:jobStatus xmlns:ns2="http://ws.transporter.upa.pt/"><id>0</id></ns2:jobStatus></S:Body></S:Envelope>
AddHeaderHandler: Handling message.
Text:
[S:Body: null]
Bytes:
5B533A426F64793A206E756C6C5D
Signing ...
Caught exception in handleMessage: java.lang.NullPointerException
Continue normal processing...
AddHeaderHandler: Handling message.
Text:
[S:Body: null]
Bytes:
5B533A426F64793A206E756C6C5D
got 'UpaTransporter1'
Contacting UDDI at http://localhost:9090
Looking for 'Ca'
Found http://localhost:8090/ca-ws/endpoint
Creating stub ...
Setting endpoint address ...
[
[
  Version: V1
  Subject: CN=DistributedSystems, OU=DEI, O=IST, L=Lisbon, ST=Lisbon, C=PT
  Signature Algorithm: SHA256withRSA, OID = 1.2.840.113549.1.1.11

  Key:  Sun RSA public key, 2048 bits
  modulus: 26667733344901105960569751727828569487214718708670945411188295642815606009560465347954545110592222944090982918465809468419238097364240524173209724878583398722100079734240131613765957603945675438531277654589865657668875533447087897042522082820053362269921081494634218619103722283987100002127744495735659330377296158667180517233635226043251542377330609155607362306352555072875158429670985653207961321353434474546723452521700302196843309492385382168858877968545394718449793701241526884292374101949696866959127615458759504166010855854580719538864213377660845095685904776645547354617687492052899918169806504259680521841033
  public exponent: 65537
  Validity: [From: Thu May 12 17:06:51 WEST 2016,
               To: Wed Aug 10 17:06:51 WEST 2016]
  Issuer: C=PT, L=Lisbon, O=IST, OU=DEI, CN=DistributedSystems
  SerialNumber: [    e012b535 b8ce9382]

]
  Algorithm: [SHA256withRSA]
  Signature:
0000: 26 0A 45 7B D7 52 8A 8F   BE 4A 66 D8 54 FC 68 C3  &.E..R...Jf.T.h.
0010: 07 08 D8 44 DB D3 C7 BB   DF C4 0D 18 28 67 D4 30  ...D........(g.0
0020: 15 3D 66 17 A9 74 76 FA   56 61 99 2F 46 EE 96 DF  .=f..tv.Va./F...
0030: 92 9C 25 F4 7B D3 39 73   40 C1 8C B4 3A EF A5 23  ..%...9s@...:..#
0040: 95 06 4F 35 39 79 13 AF   44 7A 82 C4 E5 E8 E9 7E  ..O59y..Dz......
0050: C7 A5 C8 A5 C4 BB ED 1A   FA EF C1 B2 80 1F 7F A8  ................
0060: 1E 67 EE 56 2D 28 B8 55   1C 80 E9 2B 0E 59 12 B2  .g.V-(.U...+.Y..
0070: 35 B6 86 94 01 F9 F0 BF   61 5F BB 14 74 1B 12 C7  5.......a_..t...
0080: 81 90 F4 53 6B A9 C1 C8   D3 2F 83 09 D4 1F B0 76  ...Sk..../.....v
0090: B6 4A 83 1F DD F0 36 BD   FC F0 E8 D3 60 E9 88 74  .J....6.....`..t
00A0: D6 0D F4 92 ED A0 27 B1   B0 8E 0F E0 B8 04 6B F9  ......'.......k.
00B0: D5 FF E2 7E A2 E7 08 E1   08 9D 2D 17 14 A9 B8 44  ..........-....D
00C0: 33 63 DB 1C 96 0A D4 46   0F FF 5D 88 86 36 B6 A8  3c.....F..]..6..
00D0: 0A F2 97 30 17 3B B1 DB   4F AE DF 35 08 8E 82 58  ...0.;..O..5...X
00E0: 42 5B E2 F8 4D CE BB E9   D7 07 1F C3 00 5C C4 78  B[..M........\.x
00F0: AA 02 86 4D CF D2 66 FE   47 80 7C CB E6 0C DD 2F  ...M..f.G....../

]
Caught exception in handleMessage: java.lang.NullPointerException
Continue normal processing...
Inbound SOAP message:
<S:Envelope xmlns:S="http://schemas.xmlsoap.org/soap/envelope/" xmlns:SOAP-ENV="http://schemas.xmlsoap.org/soap/envelope/"><SOAP-ENV:Header><d:myHeader xmlns:d="http://demo">IEGRPc962kg+hlwcSZ2tSpA/WIcuXLqc0Dt7tLnzsnmUSvYpBqSIurGK1XLkdJJnolwU1ulBn8cRy8yeKQudj1ii32rLCNrXQGPfqq0SKVsY+8CYkqoYxnYwDqFYEl0EezEFgQSz7OjxY4aVj1euEZYHz++LcOLfwQiDMwW4lieRNRRjFR5PLHA2WUnZyRq5RqCjD8YuH+rStV8GhqlQV7OeWUsmNARh5MVGHtH+58I6kOZsLVMToLR62YfvGebEvxrvRQNGPFfQjNAB+4jGiqSE5ChIZqqakMhQeCu9sKG4WDyxqy7SEGSFyTBa5vBwBnxlytVku0XJXTwN2vsbag==</d:myHeader><e:myRequestHeader xmlns:e="urn:example">UpaTransporter1</e:myRequestHeader><e:myID xmlns:e="http://demo">05b2d955-f203-4053-97ed-e2b8134d0a53</e:myID><d:myHeader1 xmlns:d="http://demo">TWZCLnTbgzciTBLSRAW/Z78pQ4wxAvw6NYTOSzQzjdNOe3XMVMgzhJMRk/DPUB7Rt4S/JmU8ZPAQquzc6zuC/gYGBI3APyH3ed0ag73MbzukXEThtpQJNi3ekDh4vTOZiLlJSyRkDC4KmrG7eKdn9xeXTA49vaqAiCSbVzrmjdKBmSipjFm9UzH/h2/4naEvIhOCPAcnCOwUnnrd5Jfyg3fka+HR8s0Fkdlwb+27o4bSRTxv8R8m/XsRSxc1IlSr5L6qb7LxHkMxYRI3C2Sj5yGcd+RYAFDY7OJtp8D4ueHVW1x1B+QhzS4NI8LlWfcsAF/MXg3hADe1Ofsro4C20Q==</d:myHeader1></SOAP-ENV:Header><S:Body><ns2:jobStatusResponse xmlns:ns2="http://ws.transporter.upa.pt/"><return><companyName>UpaTransporter1</companyName><jobIdentifier>0</jobIdentifier><jobOrigin>Lisboa</jobOrigin><jobDestination>Coimbra</jobDestination><jobPrice>5</jobPrice><jobState>ACCEPTED</jobState></return></ns2:jobStatusResponse></S:Body></S:Envelope>
Outbound SOAP message:
<S:Envelope xmlns:S="http://schemas.xmlsoap.org/soap/envelope/" xmlns:SOAP-ENV="http://schemas.xmlsoap.org/soap/envelope/"><SOAP-ENV:Header/><S:Body><ns2:jobStatus xmlns:ns2="http://ws.transporter.upa.pt/"><id>0</id></ns2:jobStatus></S:Body></S:Envelope>
AddHeaderHandler: Handling message.
Text:
[S:Body: null]
Bytes:
5B533A426F64793A206E756C6C5D
Signing ...
Caught exception in handleMessage: java.lang.NullPointerException
Continue normal processing...
AddHeaderHandler: Handling message.
Text:
[S:Body: null]
Bytes:
5B533A426F64793A206E756C6C5D
got 'UpaTransporter1'
Contacting UDDI at http://localhost:9090
Looking for 'Ca'
Found http://localhost:8090/ca-ws/endpoint
Creating stub ...
Setting endpoint address ...
[
[
  Version: V1
  Subject: CN=DistributedSystems, OU=DEI, O=IST, L=Lisbon, ST=Lisbon, C=PT
  Signature Algorithm: SHA256withRSA, OID = 1.2.840.113549.1.1.11

  Key:  Sun RSA public key, 2048 bits
  modulus: 26667733344901105960569751727828569487214718708670945411188295642815606009560465347954545110592222944090982918465809468419238097364240524173209724878583398722100079734240131613765957603945675438531277654589865657668875533447087897042522082820053362269921081494634218619103722283987100002127744495735659330377296158667180517233635226043251542377330609155607362306352555072875158429670985653207961321353434474546723452521700302196843309492385382168858877968545394718449793701241526884292374101949696866959127615458759504166010855854580719538864213377660845095685904776645547354617687492052899918169806504259680521841033
  public exponent: 65537
  Validity: [From: Thu May 12 17:06:51 WEST 2016,
               To: Wed Aug 10 17:06:51 WEST 2016]
  Issuer: C=PT, L=Lisbon, O=IST, OU=DEI, CN=DistributedSystems
  SerialNumber: [    e012b535 b8ce9382]

]
  Algorithm: [SHA256withRSA]
  Signature:
0000: 26 0A 45 7B D7 52 8A 8F   BE 4A 66 D8 54 FC 68 C3  &.E..R...Jf.T.h.
0010: 07 08 D8 44 DB D3 C7 BB   DF C4 0D 18 28 67 D4 30  ...D........(g.0
0020: 15 3D 66 17 A9 74 76 FA   56 61 99 2F 46 EE 96 DF  .=f..tv.Va./F...
0030: 92 9C 25 F4 7B D3 39 73   40 C1 8C B4 3A EF A5 23  ..%...9s@...:..#
0040: 95 06 4F 35 39 79 13 AF   44 7A 82 C4 E5 E8 E9 7E  ..O59y..Dz......
0050: C7 A5 C8 A5 C4 BB ED 1A   FA EF C1 B2 80 1F 7F A8  ................
0060: 1E 67 EE 56 2D 28 B8 55   1C 80 E9 2B 0E 59 12 B2  .g.V-(.U...+.Y..
0070: 35 B6 86 94 01 F9 F0 BF   61 5F BB 14 74 1B 12 C7  5.......a_..t...
0080: 81 90 F4 53 6B A9 C1 C8   D3 2F 83 09 D4 1F B0 76  ...Sk..../.....v
0090: B6 4A 83 1F DD F0 36 BD   FC F0 E8 D3 60 E9 88 74  .J....6.....`..t
00A0: D6 0D F4 92 ED A0 27 B1   B0 8E 0F E0 B8 04 6B F9  ......'.......k.
00B0: D5 FF E2 7E A2 E7 08 E1   08 9D 2D 17 14 A9 B8 44  ..........-....D
00C0: 33 63 DB 1C 96 0A D4 46   0F FF 5D 88 86 36 B6 A8  3c.....F..]..6..
00D0: 0A F2 97 30 17 3B B1 DB   4F AE DF 35 08 8E 82 58  ...0.;..O..5...X
00E0: 42 5B E2 F8 4D CE BB E9   D7 07 1F C3 00 5C C4 78  B[..M........\.x
00F0: AA 02 86 4D CF D2 66 FE   47 80 7C CB E6 0C DD 2F  ...M..f.G....../

]
Caught exception in handleMessage: java.lang.NullPointerException
Continue normal processing...
Inbound SOAP message:
<S:Envelope xmlns:S="http://schemas.xmlsoap.org/soap/envelope/" xmlns:SOAP-ENV="http://schemas.xmlsoap.org/soap/envelope/"><SOAP-ENV:Header><d:myHeader xmlns:d="http://demo">IEGRPc962kg+hlwcSZ2tSpA/WIcuXLqc0Dt7tLnzsnmUSvYpBqSIurGK1XLkdJJnolwU1ulBn8cRy8yeKQudj1ii32rLCNrXQGPfqq0SKVsY+8CYkqoYxnYwDqFYEl0EezEFgQSz7OjxY4aVj1euEZYHz++LcOLfwQiDMwW4lieRNRRjFR5PLHA2WUnZyRq5RqCjD8YuH+rStV8GhqlQV7OeWUsmNARh5MVGHtH+58I6kOZsLVMToLR62YfvGebEvxrvRQNGPFfQjNAB+4jGiqSE5ChIZqqakMhQeCu9sKG4WDyxqy7SEGSFyTBa5vBwBnxlytVku0XJXTwN2vsbag==</d:myHeader><e:myRequestHeader xmlns:e="urn:example">UpaTransporter1</e:myRequestHeader><e:myID xmlns:e="http://demo">7ee5cd76-0cd6-4d9f-8a08-fe60dc0fc0ff</e:myID><d:myHeader1 xmlns:d="http://demo">yt3csBRjon7rv7S97ehIpabChbiF/ziEL/BcL/HrVGPe1tVH7T37nlMeJH7PeZOrnfOjBfDoxgznwSkkiIR/ulZLi0lIIqINEFAWmKFrbZ12sLeJyXPsSkxw65juH3BjO7cJVcoSTYHAPmBr1c2FFxPnZOlV12OY451sUA86qfkBo0RQjX9P5UCYoASlgexBLNVCppopNyHdMbT5CdN3X7AU5PISOXcwwYJgr5sAdxZjTE+k++eaXIwjeA+DkHUl8fB2F+O77Vcdg8+2TdHM0BlSCq+fKEmssaL7EQWD20QFCKOnxeMQanWWiJ48rH4JoEHPCS+yQaTNOUyvzdu1sA==</d:myHeader1></SOAP-ENV:Header><S:Body><ns2:jobStatusResponse xmlns:ns2="http://ws.transporter.upa.pt/"><return><companyName>UpaTransporter1</companyName><jobIdentifier>0</jobIdentifier><jobOrigin>Lisboa</jobOrigin><jobDestination>Coimbra</jobDestination><jobPrice>5</jobPrice><jobState>ACCEPTED</jobState></return></ns2:jobStatusResponse></S:Body></S:Envelope>
Outbound SOAP message:
<S:Envelope xmlns:S="http://schemas.xmlsoap.org/soap/envelope/" xmlns:SOAP-ENV="http://schemas.xmlsoap.org/soap/envelope/"><SOAP-ENV:Header/><S:Body><ns2:jobStatus xmlns:ns2="http://ws.transporter.upa.pt/"><id>0</id></ns2:jobStatus></S:Body></S:Envelope>
AddHeaderHandler: Handling message.
Text:
[S:Body: null]
Bytes:
5B533A426F64793A206E756C6C5D
Signing ...
Caught exception in handleMessage: java.lang.NullPointerException
Continue normal processing...
AddHeaderHandler: Handling message.
Text:
[S:Body: null]
Bytes:
5B533A426F64793A206E756C6C5D
got 'UpaTransporter1'
Contacting UDDI at http://localhost:9090
Looking for 'Ca'
Found http://localhost:8090/ca-ws/endpoint
Creating stub ...
Setting endpoint address ...
[
[
  Version: V1
  Subject: CN=DistributedSystems, OU=DEI, O=IST, L=Lisbon, ST=Lisbon, C=PT
  Signature Algorithm: SHA256withRSA, OID = 1.2.840.113549.1.1.11

  Key:  Sun RSA public key, 2048 bits
  modulus: 26667733344901105960569751727828569487214718708670945411188295642815606009560465347954545110592222944090982918465809468419238097364240524173209724878583398722100079734240131613765957603945675438531277654589865657668875533447087897042522082820053362269921081494634218619103722283987100002127744495735659330377296158667180517233635226043251542377330609155607362306352555072875158429670985653207961321353434474546723452521700302196843309492385382168858877968545394718449793701241526884292374101949696866959127615458759504166010855854580719538864213377660845095685904776645547354617687492052899918169806504259680521841033
  public exponent: 65537
  Validity: [From: Thu May 12 17:06:51 WEST 2016,
               To: Wed Aug 10 17:06:51 WEST 2016]
  Issuer: C=PT, L=Lisbon, O=IST, OU=DEI, CN=DistributedSystems
  SerialNumber: [    e012b535 b8ce9382]

]
  Algorithm: [SHA256withRSA]
  Signature:
0000: 26 0A 45 7B D7 52 8A 8F   BE 4A 66 D8 54 FC 68 C3  &.E..R...Jf.T.h.
0010: 07 08 D8 44 DB D3 C7 BB   DF C4 0D 18 28 67 D4 30  ...D........(g.0
0020: 15 3D 66 17 A9 74 76 FA   56 61 99 2F 46 EE 96 DF  .=f..tv.Va./F...
0030: 92 9C 25 F4 7B D3 39 73   40 C1 8C B4 3A EF A5 23  ..%...9s@...:..#
0040: 95 06 4F 35 39 79 13 AF   44 7A 82 C4 E5 E8 E9 7E  ..O59y..Dz......
0050: C7 A5 C8 A5 C4 BB ED 1A   FA EF C1 B2 80 1F 7F A8  ................
0060: 1E 67 EE 56 2D 28 B8 55   1C 80 E9 2B 0E 59 12 B2  .g.V-(.U...+.Y..
0070: 35 B6 86 94 01 F9 F0 BF   61 5F BB 14 74 1B 12 C7  5.......a_..t...
0080: 81 90 F4 53 6B A9 C1 C8   D3 2F 83 09 D4 1F B0 76  ...Sk..../.....v
0090: B6 4A 83 1F DD F0 36 BD   FC F0 E8 D3 60 E9 88 74  .J....6.....`..t
00A0: D6 0D F4 92 ED A0 27 B1   B0 8E 0F E0 B8 04 6B F9  ......'.......k.
00B0: D5 FF E2 7E A2 E7 08 E1   08 9D 2D 17 14 A9 B8 44  ..........-....D
00C0: 33 63 DB 1C 96 0A D4 46   0F FF 5D 88 86 36 B6 A8  3c.....F..]..6..
00D0: 0A F2 97 30 17 3B B1 DB   4F AE DF 35 08 8E 82 58  ...0.;..O..5...X
00E0: 42 5B E2 F8 4D CE BB E9   D7 07 1F C3 00 5C C4 78  B[..M........\.x
00F0: AA 02 86 4D CF D2 66 FE   47 80 7C CB E6 0C DD 2F  ...M..f.G....../

]
Caught exception in handleMessage: java.lang.NullPointerException
Continue normal processing...
Inbound SOAP message:
<S:Envelope xmlns:S="http://schemas.xmlsoap.org/soap/envelope/" xmlns:SOAP-ENV="http://schemas.xmlsoap.org/soap/envelope/"><SOAP-ENV:Header><d:myHeader xmlns:d="http://demo">IEGRPc962kg+hlwcSZ2tSpA/WIcuXLqc0Dt7tLnzsnmUSvYpBqSIurGK1XLkdJJnolwU1ulBn8cRy8yeKQudj1ii32rLCNrXQGPfqq0SKVsY+8CYkqoYxnYwDqFYEl0EezEFgQSz7OjxY4aVj1euEZYHz++LcOLfwQiDMwW4lieRNRRjFR5PLHA2WUnZyRq5RqCjD8YuH+rStV8GhqlQV7OeWUsmNARh5MVGHtH+58I6kOZsLVMToLR62YfvGebEvxrvRQNGPFfQjNAB+4jGiqSE5ChIZqqakMhQeCu9sKG4WDyxqy7SEGSFyTBa5vBwBnxlytVku0XJXTwN2vsbag==</d:myHeader><e:myRequestHeader xmlns:e="urn:example">UpaTransporter1</e:myRequestHeader><e:myID xmlns:e="http://demo">1e8eecb8-78d7-4e71-b71b-fda781f797fb</e:myID><d:myHeader1 xmlns:d="http://demo">Yb+3G42xLv8CCco5Aq26UkwS9YgAnBLpMvW/N5+/TImjuJyogGO/U3Rog39nzlnCNCszbkOYFFqTG/dMR9Ej6TXDA1rFz7uw3uJ+zvfYu3VXx69vLHacdAESTsHC2wChe8Q8JKbxzRxrAil9gwnESLbHtRQNxx8RgK88luZ1zBF2zJ7Yj6LlwIljrnMs/dho+Ud/7VTzv62Ss8i5QVN6eHYoinC86dgo7guUa8xtaoTWf7RHagCxZISEtMtAKGDBKxOB2ECMrUsjjffTy7+e2ceEkWx6pQ+mWAnIpQV60aC3h9aB7dLDz1WAr+OFkcKYQJKLdC/Z1AFLaEYEdPCIvQ==</d:myHeader1></SOAP-ENV:Header><S:Body><ns2:jobStatusResponse xmlns:ns2="http://ws.transporter.upa.pt/"><return><companyName>UpaTransporter1</companyName><jobIdentifier>0</jobIdentifier><jobOrigin>Lisboa</jobOrigin><jobDestination>Coimbra</jobDestination><jobPrice>5</jobPrice><jobState>ACCEPTED</jobState></return></ns2:jobStatusResponse></S:Body></S:Envelope>
Outbound SOAP message:
<S:Envelope xmlns:S="http://schemas.xmlsoap.org/soap/envelope/" xmlns:SOAP-ENV="http://schemas.xmlsoap.org/soap/envelope/"><SOAP-ENV:Header/><S:Body><ns2:jobStatus xmlns:ns2="http://ws.transporter.upa.pt/"><id>0</id></ns2:jobStatus></S:Body></S:Envelope>
AddHeaderHandler: Handling message.
Text:
[S:Body: null]
Bytes:
5B533A426F64793A206E756C6C5D
Signing ...
Caught exception in handleMessage: java.lang.NullPointerException
Continue normal processing...
AddHeaderHandler: Handling message.
Text:
[S:Body: null]
Bytes:
5B533A426F64793A206E756C6C5D
got 'UpaTransporter1'
Contacting UDDI at http://localhost:9090
Looking for 'Ca'
Found http://localhost:8090/ca-ws/endpoint
Creating stub ...
Setting endpoint address ...
[
[
  Version: V1
  Subject: CN=DistributedSystems, OU=DEI, O=IST, L=Lisbon, ST=Lisbon, C=PT
  Signature Algorithm: SHA256withRSA, OID = 1.2.840.113549.1.1.11

  Key:  Sun RSA public key, 2048 bits
  modulus: 26667733344901105960569751727828569487214718708670945411188295642815606009560465347954545110592222944090982918465809468419238097364240524173209724878583398722100079734240131613765957603945675438531277654589865657668875533447087897042522082820053362269921081494634218619103722283987100002127744495735659330377296158667180517233635226043251542377330609155607362306352555072875158429670985653207961321353434474546723452521700302196843309492385382168858877968545394718449793701241526884292374101949696866959127615458759504166010855854580719538864213377660845095685904776645547354617687492052899918169806504259680521841033
  public exponent: 65537
  Validity: [From: Thu May 12 17:06:51 WEST 2016,
               To: Wed Aug 10 17:06:51 WEST 2016]
  Issuer: C=PT, L=Lisbon, O=IST, OU=DEI, CN=DistributedSystems
  SerialNumber: [    e012b535 b8ce9382]

]
  Algorithm: [SHA256withRSA]
  Signature:
0000: 26 0A 45 7B D7 52 8A 8F   BE 4A 66 D8 54 FC 68 C3  &.E..R...Jf.T.h.
0010: 07 08 D8 44 DB D3 C7 BB   DF C4 0D 18 28 67 D4 30  ...D........(g.0
0020: 15 3D 66 17 A9 74 76 FA   56 61 99 2F 46 EE 96 DF  .=f..tv.Va./F...
0030: 92 9C 25 F4 7B D3 39 73   40 C1 8C B4 3A EF A5 23  ..%...9s@...:..#
0040: 95 06 4F 35 39 79 13 AF   44 7A 82 C4 E5 E8 E9 7E  ..O59y..Dz......
0050: C7 A5 C8 A5 C4 BB ED 1A   FA EF C1 B2 80 1F 7F A8  ................
0060: 1E 67 EE 56 2D 28 B8 55   1C 80 E9 2B 0E 59 12 B2  .g.V-(.U...+.Y..
0070: 35 B6 86 94 01 F9 F0 BF   61 5F BB 14 74 1B 12 C7  5.......a_..t...
0080: 81 90 F4 53 6B A9 C1 C8   D3 2F 83 09 D4 1F B0 76  ...Sk..../.....v
0090: B6 4A 83 1F DD F0 36 BD   FC F0 E8 D3 60 E9 88 74  .J....6.....`..t
00A0: D6 0D F4 92 ED A0 27 B1   B0 8E 0F E0 B8 04 6B F9  ......'.......k.
00B0: D5 FF E2 7E A2 E7 08 E1   08 9D 2D 17 14 A9 B8 44  ..........-....D
00C0: 33 63 DB 1C 96 0A D4 46   0F FF 5D 88 86 36 B6 A8  3c.....F..]..6..
00D0: 0A F2 97 30 17 3B B1 DB   4F AE DF 35 08 8E 82 58  ...0.;..O..5...X
00E0: 42 5B E2 F8 4D CE BB E9   D7 07 1F C3 00 5C C4 78  B[..M........\.x
00F0: AA 02 86 4D CF D2 66 FE   47 80 7C CB E6 0C DD 2F  ...M..f.G....../

]
Caught exception in handleMessage: java.lang.NullPointerException
Continue normal processing...
Inbound SOAP message:
<S:Envelope xmlns:S="http://schemas.xmlsoap.org/soap/envelope/" xmlns:SOAP-ENV="http://schemas.xmlsoap.org/soap/envelope/"><SOAP-ENV:Header><d:myHeader xmlns:d="http://demo">IEGRPc962kg+hlwcSZ2tSpA/WIcuXLqc0Dt7tLnzsnmUSvYpBqSIurGK1XLkdJJnolwU1ulBn8cRy8yeKQudj1ii32rLCNrXQGPfqq0SKVsY+8CYkqoYxnYwDqFYEl0EezEFgQSz7OjxY4aVj1euEZYHz++LcOLfwQiDMwW4lieRNRRjFR5PLHA2WUnZyRq5RqCjD8YuH+rStV8GhqlQV7OeWUsmNARh5MVGHtH+58I6kOZsLVMToLR62YfvGebEvxrvRQNGPFfQjNAB+4jGiqSE5ChIZqqakMhQeCu9sKG4WDyxqy7SEGSFyTBa5vBwBnxlytVku0XJXTwN2vsbag==</d:myHeader><e:myRequestHeader xmlns:e="urn:example">UpaTransporter1</e:myRequestHeader><e:myID xmlns:e="http://demo">6d857b0c-51ac-4c95-b567-0cc0a7064132</e:myID><d:myHeader1 xmlns:d="http://demo">FiWDsKrOBGmOaDZwSpDr2TS3kwVzsqJ64MOfEGXKt++evUcKtPluTZ4DmqJ5TWsUw6jTt8xmlaQnOXWjGj5cPhcMm4gOx+YkTn3i01OTTnWtNyxWYk7SSIyHzPesmi5FMTzRmdcU/U5LhITrh3cr2qUXWkMYfNvfQZqfmHRr3JbVzVqRBMeiB+1BRKFar9Az+SCqTXXXSaIJiFwP6PUVRj9ib8UoVZhOyqX9LKVfU71uo6fSxwgAgY96FVAaAzST4Fx6LeRVhXwdGqbhh1UPmHsOjNPglEYaT+PhlgPFYK4j5ckAsR0uoqBg8Ums36BHgyzCYKA8aFbQhIhZGGOhYA==</d:myHeader1></SOAP-ENV:Header><S:Body><ns2:jobStatusResponse xmlns:ns2="http://ws.transporter.upa.pt/"><return><companyName>UpaTransporter1</companyName><jobIdentifier>0</jobIdentifier><jobOrigin>Lisboa</jobOrigin><jobDestination>Coimbra</jobDestination><jobPrice>5</jobPrice><jobState>ACCEPTED</jobState></return></ns2:jobStatusResponse></S:Body></S:Envelope>
Outbound SOAP message:
<S:Envelope xmlns:S="http://schemas.xmlsoap.org/soap/envelope/" xmlns:SOAP-ENV="http://schemas.xmlsoap.org/soap/envelope/"><SOAP-ENV:Header/><S:Body><ns2:jobStatus xmlns:ns2="http://ws.transporter.upa.pt/"><id>0</id></ns2:jobStatus></S:Body></S:Envelope>
AddHeaderHandler: Handling message.
Text:
[S:Body: null]
Bytes:
5B533A426F64793A206E756C6C5D
Signing ...
Caught exception in handleMessage: java.lang.NullPointerException
Continue normal processing...
AddHeaderHandler: Handling message.
Text:
[S:Body: null]
Bytes:
5B533A426F64793A206E756C6C5D
got 'UpaTransporter1'
Contacting UDDI at http://localhost:9090
Looking for 'Ca'
Found http://localhost:8090/ca-ws/endpoint
Creating stub ...
Setting endpoint address ...
[
[
  Version: V1
  Subject: CN=DistributedSystems, OU=DEI, O=IST, L=Lisbon, ST=Lisbon, C=PT
  Signature Algorithm: SHA256withRSA, OID = 1.2.840.113549.1.1.11

  Key:  Sun RSA public key, 2048 bits
  modulus: 26667733344901105960569751727828569487214718708670945411188295642815606009560465347954545110592222944090982918465809468419238097364240524173209724878583398722100079734240131613765957603945675438531277654589865657668875533447087897042522082820053362269921081494634218619103722283987100002127744495735659330377296158667180517233635226043251542377330609155607362306352555072875158429670985653207961321353434474546723452521700302196843309492385382168858877968545394718449793701241526884292374101949696866959127615458759504166010855854580719538864213377660845095685904776645547354617687492052899918169806504259680521841033
  public exponent: 65537
  Validity: [From: Thu May 12 17:06:51 WEST 2016,
               To: Wed Aug 10 17:06:51 WEST 2016]
  Issuer: C=PT, L=Lisbon, O=IST, OU=DEI, CN=DistributedSystems
  SerialNumber: [    e012b535 b8ce9382]

]
  Algorithm: [SHA256withRSA]
  Signature:
0000: 26 0A 45 7B D7 52 8A 8F   BE 4A 66 D8 54 FC 68 C3  &.E..R...Jf.T.h.
0010: 07 08 D8 44 DB D3 C7 BB   DF C4 0D 18 28 67 D4 30  ...D........(g.0
0020: 15 3D 66 17 A9 74 76 FA   56 61 99 2F 46 EE 96 DF  .=f..tv.Va./F...
0030: 92 9C 25 F4 7B D3 39 73   40 C1 8C B4 3A EF A5 23  ..%...9s@...:..#
0040: 95 06 4F 35 39 79 13 AF   44 7A 82 C4 E5 E8 E9 7E  ..O59y..Dz......
0050: C7 A5 C8 A5 C4 BB ED 1A   FA EF C1 B2 80 1F 7F A8  ................
0060: 1E 67 EE 56 2D 28 B8 55   1C 80 E9 2B 0E 59 12 B2  .g.V-(.U...+.Y..
0070: 35 B6 86 94 01 F9 F0 BF   61 5F BB 14 74 1B 12 C7  5.......a_..t...
0080: 81 90 F4 53 6B A9 C1 C8   D3 2F 83 09 D4 1F B0 76  ...Sk..../.....v
0090: B6 4A 83 1F DD F0 36 BD   FC F0 E8 D3 60 E9 88 74  .J....6.....`..t
00A0: D6 0D F4 92 ED A0 27 B1   B0 8E 0F E0 B8 04 6B F9  ......'.......k.
00B0: D5 FF E2 7E A2 E7 08 E1   08 9D 2D 17 14 A9 B8 44  ..........-....D
00C0: 33 63 DB 1C 96 0A D4 46   0F FF 5D 88 86 36 B6 A8  3c.....F..]..6..
00D0: 0A F2 97 30 17 3B B1 DB   4F AE DF 35 08 8E 82 58  ...0.;..O..5...X
00E0: 42 5B E2 F8 4D CE BB E9   D7 07 1F C3 00 5C C4 78  B[..M........\.x
00F0: AA 02 86 4D CF D2 66 FE   47 80 7C CB E6 0C DD 2F  ...M..f.G....../

]
Caught exception in handleMessage: java.lang.NullPointerException
Continue normal processing...
Inbound SOAP message:
<S:Envelope xmlns:S="http://schemas.xmlsoap.org/soap/envelope/" xmlns:SOAP-ENV="http://schemas.xmlsoap.org/soap/envelope/"><SOAP-ENV:Header><d:myHeader xmlns:d="http://demo">IEGRPc962kg+hlwcSZ2tSpA/WIcuXLqc0Dt7tLnzsnmUSvYpBqSIurGK1XLkdJJnolwU1ulBn8cRy8yeKQudj1ii32rLCNrXQGPfqq0SKVsY+8CYkqoYxnYwDqFYEl0EezEFgQSz7OjxY4aVj1euEZYHz++LcOLfwQiDMwW4lieRNRRjFR5PLHA2WUnZyRq5RqCjD8YuH+rStV8GhqlQV7OeWUsmNARh5MVGHtH+58I6kOZsLVMToLR62YfvGebEvxrvRQNGPFfQjNAB+4jGiqSE5ChIZqqakMhQeCu9sKG4WDyxqy7SEGSFyTBa5vBwBnxlytVku0XJXTwN2vsbag==</d:myHeader><e:myRequestHeader xmlns:e="urn:example">UpaTransporter1</e:myRequestHeader><e:myID xmlns:e="http://demo">129b6411-2592-4be5-82de-3982ccc608d7</e:myID><d:myHeader1 xmlns:d="http://demo">QhEewLnVoF+D4NZDZRczUJFJU5ypawTgF4Xc9WhaY+lj2mqonzlhE1GQaNoEV3uji5loNeM4yDEle3y8Y7z/ZYKX1rAr5kNmnOgMbBNlEzAAslEjVT8alhIAD7RV55eF8oGUNtv6u67xPyOL3IQMSjBOcgUkKOPPXmeBWphs4VQbC2zEHixkcEsmS38uG1uQ8fje41bIJR+X5igsxFpZOUAPP2QeDd61As4MdtesOM3hR5nqgIvUildUF0OVUeft1vqoXlUCzQ2HvYuaJHD1KOUdsC25m1Me6TKfi5eOYaAXdLr3gl6sUAfMoZIgU951VbrNVOX2Z7udYaJwP03d9g==</d:myHeader1></SOAP-ENV:Header><S:Body><ns2:jobStatusResponse xmlns:ns2="http://ws.transporter.upa.pt/"><return><companyName>UpaTransporter1</companyName><jobIdentifier>0</jobIdentifier><jobOrigin>Lisboa</jobOrigin><jobDestination>Coimbra</jobDestination><jobPrice>5</jobPrice><jobState>ACCEPTED</jobState></return></ns2:jobStatusResponse></S:Body></S:Envelope>
Outbound SOAP message:
<S:Envelope xmlns:S="http://schemas.xmlsoap.org/soap/envelope/" xmlns:SOAP-ENV="http://schemas.xmlsoap.org/soap/envelope/"><SOAP-ENV:Header/><S:Body><ns2:jobStatus xmlns:ns2="http://ws.transporter.upa.pt/"><id>0</id></ns2:jobStatus></S:Body></S:Envelope>
AddHeaderHandler: Handling message.
Text:
[S:Body: null]
Bytes:
5B533A426F64793A206E756C6C5D
Signing ...
Caught exception in handleMessage: java.lang.NullPointerException
Continue normal processing...
AddHeaderHandler: Handling message.
Text:
[S:Body: null]
Bytes:
5B533A426F64793A206E756C6C5D
got 'UpaTransporter1'
Contacting UDDI at http://localhost:9090
Looking for 'Ca'
Found http://localhost:8090/ca-ws/endpoint
Creating stub ...
Setting endpoint address ...
[
[
  Version: V1
  Subject: CN=DistributedSystems, OU=DEI, O=IST, L=Lisbon, ST=Lisbon, C=PT
  Signature Algorithm: SHA256withRSA, OID = 1.2.840.113549.1.1.11

  Key:  Sun RSA public key, 2048 bits
  modulus: 26667733344901105960569751727828569487214718708670945411188295642815606009560465347954545110592222944090982918465809468419238097364240524173209724878583398722100079734240131613765957603945675438531277654589865657668875533447087897042522082820053362269921081494634218619103722283987100002127744495735659330377296158667180517233635226043251542377330609155607362306352555072875158429670985653207961321353434474546723452521700302196843309492385382168858877968545394718449793701241526884292374101949696866959127615458759504166010855854580719538864213377660845095685904776645547354617687492052899918169806504259680521841033
  public exponent: 65537
  Validity: [From: Thu May 12 17:06:51 WEST 2016,
               To: Wed Aug 10 17:06:51 WEST 2016]
  Issuer: C=PT, L=Lisbon, O=IST, OU=DEI, CN=DistributedSystems
  SerialNumber: [    e012b535 b8ce9382]

]
  Algorithm: [SHA256withRSA]
  Signature:
0000: 26 0A 45 7B D7 52 8A 8F   BE 4A 66 D8 54 FC 68 C3  &.E..R...Jf.T.h.
0010: 07 08 D8 44 DB D3 C7 BB   DF C4 0D 18 28 67 D4 30  ...D........(g.0
0020: 15 3D 66 17 A9 74 76 FA   56 61 99 2F 46 EE 96 DF  .=f..tv.Va./F...
0030: 92 9C 25 F4 7B D3 39 73   40 C1 8C B4 3A EF A5 23  ..%...9s@...:..#
0040: 95 06 4F 35 39 79 13 AF   44 7A 82 C4 E5 E8 E9 7E  ..O59y..Dz......
0050: C7 A5 C8 A5 C4 BB ED 1A   FA EF C1 B2 80 1F 7F A8  ................
0060: 1E 67 EE 56 2D 28 B8 55   1C 80 E9 2B 0E 59 12 B2  .g.V-(.U...+.Y..
0070: 35 B6 86 94 01 F9 F0 BF   61 5F BB 14 74 1B 12 C7  5.......a_..t...
0080: 81 90 F4 53 6B A9 C1 C8   D3 2F 83 09 D4 1F B0 76  ...Sk..../.....v
0090: B6 4A 83 1F DD F0 36 BD   FC F0 E8 D3 60 E9 88 74  .J....6.....`..t
00A0: D6 0D F4 92 ED A0 27 B1   B0 8E 0F E0 B8 04 6B F9  ......'.......k.
00B0: D5 FF E2 7E A2 E7 08 E1   08 9D 2D 17 14 A9 B8 44  ..........-....D
00C0: 33 63 DB 1C 96 0A D4 46   0F FF 5D 88 86 36 B6 A8  3c.....F..]..6..
00D0: 0A F2 97 30 17 3B B1 DB   4F AE DF 35 08 8E 82 58  ...0.;..O..5...X
00E0: 42 5B E2 F8 4D CE BB E9   D7 07 1F C3 00 5C C4 78  B[..M........\.x
00F0: AA 02 86 4D CF D2 66 FE   47 80 7C CB E6 0C DD 2F  ...M..f.G....../

]
Caught exception in handleMessage: java.lang.NullPointerException
Continue normal processing...
Inbound SOAP message:
<S:Envelope xmlns:S="http://schemas.xmlsoap.org/soap/envelope/" xmlns:SOAP-ENV="http://schemas.xmlsoap.org/soap/envelope/"><SOAP-ENV:Header><d:myHeader xmlns:d="http://demo">IEGRPc962kg+hlwcSZ2tSpA/WIcuXLqc0Dt7tLnzsnmUSvYpBqSIurGK1XLkdJJnolwU1ulBn8cRy8yeKQudj1ii32rLCNrXQGPfqq0SKVsY+8CYkqoYxnYwDqFYEl0EezEFgQSz7OjxY4aVj1euEZYHz++LcOLfwQiDMwW4lieRNRRjFR5PLHA2WUnZyRq5RqCjD8YuH+rStV8GhqlQV7OeWUsmNARh5MVGHtH+58I6kOZsLVMToLR62YfvGebEvxrvRQNGPFfQjNAB+4jGiqSE5ChIZqqakMhQeCu9sKG4WDyxqy7SEGSFyTBa5vBwBnxlytVku0XJXTwN2vsbag==</d:myHeader><e:myRequestHeader xmlns:e="urn:example">UpaTransporter1</e:myRequestHeader><e:myID xmlns:e="http://demo">6543d406-91d9-4ec3-86fc-356b265aadb1</e:myID><d:myHeader1 xmlns:d="http://demo">HLC7bkCeUBk8N+4B/69/oP2Yq7ahjolvHMFR6zyEACK5Km12znbUgHMhwmrkwApuYmIKNdFiZBX++KU0h4nO5NSE6s9TdB39o86iR05CrFk92LAWd5LxC9Kfg07En7UJI4jcXghi4q1yDLrwI03qmBFf5DemHkFUDKNIoZH1gqYr19kHovhCtzk7Ee8xyv7+EIcaAgpPdGjX3g/LMLfTgDeNiDuwdGNj892ZD2E30YOMPI1Vycsrr0eqZy7+GQj86ysXqHZVOYp0PpUvY8yZSF2CmM/IyA0MucUG4d+KNtJhpTJz5KDGj2zNQ6+qhgOMO9Gh2B9+WHWUkRaZgmTapg==</d:myHeader1></SOAP-ENV:Header><S:Body><ns2:jobStatusResponse xmlns:ns2="http://ws.transporter.upa.pt/"><return><companyName>UpaTransporter1</companyName><jobIdentifier>0</jobIdentifier><jobOrigin>Lisboa</jobOrigin><jobDestination>Coimbra</jobDestination><jobPrice>5</jobPrice><jobState>ACCEPTED</jobState></return></ns2:jobStatusResponse></S:Body></S:Envelope>
Outbound SOAP message:
<S:Envelope xmlns:S="http://schemas.xmlsoap.org/soap/envelope/" xmlns:SOAP-ENV="http://schemas.xmlsoap.org/soap/envelope/"><SOAP-ENV:Header/><S:Body><ns2:jobStatus xmlns:ns2="http://ws.transporter.upa.pt/"><id>0</id></ns2:jobStatus></S:Body></S:Envelope>
AddHeaderHandler: Handling message.
Text:
[S:Body: null]
Bytes:
5B533A426F64793A206E756C6C5D
Signing ...
Caught exception in handleMessage: java.lang.NullPointerException
Continue normal processing...
AddHeaderHandler: Handling message.
Text:
[S:Body: null]
Bytes:
5B533A426F64793A206E756C6C5D
got 'UpaTransporter1'
Contacting UDDI at http://localhost:9090
Looking for 'Ca'
Found http://localhost:8090/ca-ws/endpoint
Creating stub ...
Setting endpoint address ...
[
[
  Version: V1
  Subject: CN=DistributedSystems, OU=DEI, O=IST, L=Lisbon, ST=Lisbon, C=PT
  Signature Algorithm: SHA256withRSA, OID = 1.2.840.113549.1.1.11

  Key:  Sun RSA public key, 2048 bits
  modulus: 26667733344901105960569751727828569487214718708670945411188295642815606009560465347954545110592222944090982918465809468419238097364240524173209724878583398722100079734240131613765957603945675438531277654589865657668875533447087897042522082820053362269921081494634218619103722283987100002127744495735659330377296158667180517233635226043251542377330609155607362306352555072875158429670985653207961321353434474546723452521700302196843309492385382168858877968545394718449793701241526884292374101949696866959127615458759504166010855854580719538864213377660845095685904776645547354617687492052899918169806504259680521841033
  public exponent: 65537
  Validity: [From: Thu May 12 17:06:51 WEST 2016,
               To: Wed Aug 10 17:06:51 WEST 2016]
  Issuer: C=PT, L=Lisbon, O=IST, OU=DEI, CN=DistributedSystems
  SerialNumber: [    e012b535 b8ce9382]

]
  Algorithm: [SHA256withRSA]
  Signature:
0000: 26 0A 45 7B D7 52 8A 8F   BE 4A 66 D8 54 FC 68 C3  &.E..R...Jf.T.h.
0010: 07 08 D8 44 DB D3 C7 BB   DF C4 0D 18 28 67 D4 30  ...D........(g.0
0020: 15 3D 66 17 A9 74 76 FA   56 61 99 2F 46 EE 96 DF  .=f..tv.Va./F...
0030: 92 9C 25 F4 7B D3 39 73   40 C1 8C B4 3A EF A5 23  ..%...9s@...:..#
0040: 95 06 4F 35 39 79 13 AF   44 7A 82 C4 E5 E8 E9 7E  ..O59y..Dz......
0050: C7 A5 C8 A5 C4 BB ED 1A   FA EF C1 B2 80 1F 7F A8  ................
0060: 1E 67 EE 56 2D 28 B8 55   1C 80 E9 2B 0E 59 12 B2  .g.V-(.U...+.Y..
0070: 35 B6 86 94 01 F9 F0 BF   61 5F BB 14 74 1B 12 C7  5.......a_..t...
0080: 81 90 F4 53 6B A9 C1 C8   D3 2F 83 09 D4 1F B0 76  ...Sk..../.....v
0090: B6 4A 83 1F DD F0 36 BD   FC F0 E8 D3 60 E9 88 74  .J....6.....`..t
00A0: D6 0D F4 92 ED A0 27 B1   B0 8E 0F E0 B8 04 6B F9  ......'.......k.
00B0: D5 FF E2 7E A2 E7 08 E1   08 9D 2D 17 14 A9 B8 44  ..........-....D
00C0: 33 63 DB 1C 96 0A D4 46   0F FF 5D 88 86 36 B6 A8  3c.....F..]..6..
00D0: 0A F2 97 30 17 3B B1 DB   4F AE DF 35 08 8E 82 58  ...0.;..O..5...X
00E0: 42 5B E2 F8 4D CE BB E9   D7 07 1F C3 00 5C C4 78  B[..M........\.x
00F0: AA 02 86 4D CF D2 66 FE   47 80 7C CB E6 0C DD 2F  ...M..f.G....../

]
Caught exception in handleMessage: java.lang.NullPointerException
Continue normal processing...
Inbound SOAP message:
<S:Envelope xmlns:S="http://schemas.xmlsoap.org/soap/envelope/" xmlns:SOAP-ENV="http://schemas.xmlsoap.org/soap/envelope/"><SOAP-ENV:Header><d:myHeader xmlns:d="http://demo">IEGRPc962kg+hlwcSZ2tSpA/WIcuXLqc0Dt7tLnzsnmUSvYpBqSIurGK1XLkdJJnolwU1ulBn8cRy8yeKQudj1ii32rLCNrXQGPfqq0SKVsY+8CYkqoYxnYwDqFYEl0EezEFgQSz7OjxY4aVj1euEZYHz++LcOLfwQiDMwW4lieRNRRjFR5PLHA2WUnZyRq5RqCjD8YuH+rStV8GhqlQV7OeWUsmNARh5MVGHtH+58I6kOZsLVMToLR62YfvGebEvxrvRQNGPFfQjNAB+4jGiqSE5ChIZqqakMhQeCu9sKG4WDyxqy7SEGSFyTBa5vBwBnxlytVku0XJXTwN2vsbag==</d:myHeader><e:myRequestHeader xmlns:e="urn:example">UpaTransporter1</e:myRequestHeader><e:myID xmlns:e="http://demo">5fdced96-a713-4c25-8c36-0f23e03ec219</e:myID><d:myHeader1 xmlns:d="http://demo">rW2e8RqiM2x1zmlpAVKYVowITEbcBDOckAaYXQlociHsP+ZxRYl5BMHtUw7J87I05HbZbpzOnT/k7teBDw5UdaslA5hspJ5aKLJBj0tFDKKitTM8PENJfDL37MRt5+7xNRO2KTjv4HKHEcIEqS7mLf5KuY035byuos84tUMcS17ug698Zxz3yHRFZ9eugpdcCXcoNDsEQCwIRwmtGdeo7FSywHn//fkSntgND3N2uv4XSw6zpgwE1Z9F92g/NGA0TOTT3X4O5SBnI1qPveMf8LYdsTMbG4IBF3JdIMo+Sd3qsDP020GYXerDLAazraayUE+QlkVKh02aPYtc+sSW0A==</d:myHeader1></SOAP-ENV:Header><S:Body><ns2:jobStatusResponse xmlns:ns2="http://ws.transporter.upa.pt/"><return><companyName>UpaTransporter1</companyName><jobIdentifier>0</jobIdentifier><jobOrigin>Lisboa</jobOrigin><jobDestination>Coimbra</jobDestination><jobPrice>5</jobPrice><jobState>ACCEPTED</jobState></return></ns2:jobStatusResponse></S:Body></S:Envelope>
Outbound SOAP message:
<S:Envelope xmlns:S="http://schemas.xmlsoap.org/soap/envelope/" xmlns:SOAP-ENV="http://schemas.xmlsoap.org/soap/envelope/"><SOAP-ENV:Header/><S:Body><ns2:jobStatus xmlns:ns2="http://ws.transporter.upa.pt/"><id>0</id></ns2:jobStatus></S:Body></S:Envelope>
AddHeaderHandler: Handling message.
Text:
[S:Body: null]
Bytes:
5B533A426F64793A206E756C6C5D
Signing ...
Caught exception in handleMessage: java.lang.NullPointerException
Continue normal processing...
AddHeaderHandler: Handling message.
Text:
[S:Body: null]
Bytes:
5B533A426F64793A206E756C6C5D
got 'UpaTransporter1'
Contacting UDDI at http://localhost:9090
Looking for 'Ca'
Found http://localhost:8090/ca-ws/endpoint
Creating stub ...
Setting endpoint address ...
[
[
  Version: V1
  Subject: CN=DistributedSystems, OU=DEI, O=IST, L=Lisbon, ST=Lisbon, C=PT
  Signature Algorithm: SHA256withRSA, OID = 1.2.840.113549.1.1.11

  Key:  Sun RSA public key, 2048 bits
  modulus: 26667733344901105960569751727828569487214718708670945411188295642815606009560465347954545110592222944090982918465809468419238097364240524173209724878583398722100079734240131613765957603945675438531277654589865657668875533447087897042522082820053362269921081494634218619103722283987100002127744495735659330377296158667180517233635226043251542377330609155607362306352555072875158429670985653207961321353434474546723452521700302196843309492385382168858877968545394718449793701241526884292374101949696866959127615458759504166010855854580719538864213377660845095685904776645547354617687492052899918169806504259680521841033
  public exponent: 65537
  Validity: [From: Thu May 12 17:06:51 WEST 2016,
               To: Wed Aug 10 17:06:51 WEST 2016]
  Issuer: C=PT, L=Lisbon, O=IST, OU=DEI, CN=DistributedSystems
  SerialNumber: [    e012b535 b8ce9382]

]
  Algorithm: [SHA256withRSA]
  Signature:
0000: 26 0A 45 7B D7 52 8A 8F   BE 4A 66 D8 54 FC 68 C3  &.E..R...Jf.T.h.
0010: 07 08 D8 44 DB D3 C7 BB   DF C4 0D 18 28 67 D4 30  ...D........(g.0
0020: 15 3D 66 17 A9 74 76 FA   56 61 99 2F 46 EE 96 DF  .=f..tv.Va./F...
0030: 92 9C 25 F4 7B D3 39 73   40 C1 8C B4 3A EF A5 23  ..%...9s@...:..#
0040: 95 06 4F 35 39 79 13 AF   44 7A 82 C4 E5 E8 E9 7E  ..O59y..Dz......
0050: C7 A5 C8 A5 C4 BB ED 1A   FA EF C1 B2 80 1F 7F A8  ................
0060: 1E 67 EE 56 2D 28 B8 55   1C 80 E9 2B 0E 59 12 B2  .g.V-(.U...+.Y..
0070: 35 B6 86 94 01 F9 F0 BF   61 5F BB 14 74 1B 12 C7  5.......a_..t...
0080: 81 90 F4 53 6B A9 C1 C8   D3 2F 83 09 D4 1F B0 76  ...Sk..../.....v
0090: B6 4A 83 1F DD F0 36 BD   FC F0 E8 D3 60 E9 88 74  .J....6.....`..t
00A0: D6 0D F4 92 ED A0 27 B1   B0 8E 0F E0 B8 04 6B F9  ......'.......k.
00B0: D5 FF E2 7E A2 E7 08 E1   08 9D 2D 17 14 A9 B8 44  ..........-....D
00C0: 33 63 DB 1C 96 0A D4 46   0F FF 5D 88 86 36 B6 A8  3c.....F..]..6..
00D0: 0A F2 97 30 17 3B B1 DB   4F AE DF 35 08 8E 82 58  ...0.;..O..5...X
00E0: 42 5B E2 F8 4D CE BB E9   D7 07 1F C3 00 5C C4 78  B[..M........\.x
00F0: AA 02 86 4D CF D2 66 FE   47 80 7C CB E6 0C DD 2F  ...M..f.G....../

]
Caught exception in handleMessage: java.lang.NullPointerException
Continue normal processing...
Inbound SOAP message:
<S:Envelope xmlns:S="http://schemas.xmlsoap.org/soap/envelope/" xmlns:SOAP-ENV="http://schemas.xmlsoap.org/soap/envelope/"><SOAP-ENV:Header><d:myHeader xmlns:d="http://demo">IEGRPc962kg+hlwcSZ2tSpA/WIcuXLqc0Dt7tLnzsnmUSvYpBqSIurGK1XLkdJJnolwU1ulBn8cRy8yeKQudj1ii32rLCNrXQGPfqq0SKVsY+8CYkqoYxnYwDqFYEl0EezEFgQSz7OjxY4aVj1euEZYHz++LcOLfwQiDMwW4lieRNRRjFR5PLHA2WUnZyRq5RqCjD8YuH+rStV8GhqlQV7OeWUsmNARh5MVGHtH+58I6kOZsLVMToLR62YfvGebEvxrvRQNGPFfQjNAB+4jGiqSE5ChIZqqakMhQeCu9sKG4WDyxqy7SEGSFyTBa5vBwBnxlytVku0XJXTwN2vsbag==</d:myHeader><e:myRequestHeader xmlns:e="urn:example">UpaTransporter1</e:myRequestHeader><e:myID xmlns:e="http://demo">e1afced9-e265-4ff3-8082-a94879699c3c</e:myID><d:myHeader1 xmlns:d="http://demo">dp9WIR7Hno75Bcc+OauQJjjJ5EILhlqqolTojB+ZAz7h7n4w6z+3xYxHh8xALqZ/V83IjoLO/16DwRTZ/qv1q+dNE/BKYX2uqyu+SPaqTZkYINJ0vINdKPPEiNih9WQnECfXLhghK7xn1O/GG5PnR2vaDnJHivuQDUJEb9SEyIdT4I5I9vdbb7gmTY/rvvSWpj1X9bQLRvNdGnQlIflJwWXu1bQhbVUrJm4bjIxkMYitY0YcwXmwshrHwOlQTWgul+irfA3oTvSHJkioCpzMJTdH5yF+eMr1gCXsceghjFyIUNLF0Q4nlvpSM0ooth1t9bMKHc2NnphrkEfC0DJyPw==</d:myHeader1></SOAP-ENV:Header><S:Body><ns2:jobStatusResponse xmlns:ns2="http://ws.transporter.upa.pt/"><return><companyName>UpaTransporter1</companyName><jobIdentifier>0</jobIdentifier><jobOrigin>Lisboa</jobOrigin><jobDestination>Coimbra</jobDestination><jobPrice>5</jobPrice><jobState>ACCEPTED</jobState></return></ns2:jobStatusResponse></S:Body></S:Envelope>
Outbound SOAP message:
<S:Envelope xmlns:S="http://schemas.xmlsoap.org/soap/envelope/" xmlns:SOAP-ENV="http://schemas.xmlsoap.org/soap/envelope/"><SOAP-ENV:Header/><S:Body><ns2:jobStatus xmlns:ns2="http://ws.transporter.upa.pt/"><id>0</id></ns2:jobStatus></S:Body></S:Envelope>
AddHeaderHandler: Handling message.
Text:
[S:Body: null]
Bytes:
5B533A426F64793A206E756C6C5D
Signing ...
Caught exception in handleMessage: java.lang.NullPointerException
Continue normal processing...
AddHeaderHandler: Handling message.
Text:
[S:Body: null]
Bytes:
5B533A426F64793A206E756C6C5D
got 'UpaTransporter1'
Contacting UDDI at http://localhost:9090
Looking for 'Ca'
Found http://localhost:8090/ca-ws/endpoint
Creating stub ...
Setting endpoint address ...
[
[
  Version: V1
  Subject: CN=DistributedSystems, OU=DEI, O=IST, L=Lisbon, ST=Lisbon, C=PT
  Signature Algorithm: SHA256withRSA, OID = 1.2.840.113549.1.1.11

  Key:  Sun RSA public key, 2048 bits
  modulus: 26667733344901105960569751727828569487214718708670945411188295642815606009560465347954545110592222944090982918465809468419238097364240524173209724878583398722100079734240131613765957603945675438531277654589865657668875533447087897042522082820053362269921081494634218619103722283987100002127744495735659330377296158667180517233635226043251542377330609155607362306352555072875158429670985653207961321353434474546723452521700302196843309492385382168858877968545394718449793701241526884292374101949696866959127615458759504166010855854580719538864213377660845095685904776645547354617687492052899918169806504259680521841033
  public exponent: 65537
  Validity: [From: Thu May 12 17:06:51 WEST 2016,
               To: Wed Aug 10 17:06:51 WEST 2016]
  Issuer: C=PT, L=Lisbon, O=IST, OU=DEI, CN=DistributedSystems
  SerialNumber: [    e012b535 b8ce9382]

]
  Algorithm: [SHA256withRSA]
  Signature:
0000: 26 0A 45 7B D7 52 8A 8F   BE 4A 66 D8 54 FC 68 C3  &.E..R...Jf.T.h.
0010: 07 08 D8 44 DB D3 C7 BB   DF C4 0D 18 28 67 D4 30  ...D........(g.0
0020: 15 3D 66 17 A9 74 76 FA   56 61 99 2F 46 EE 96 DF  .=f..tv.Va./F...
0030: 92 9C 25 F4 7B D3 39 73   40 C1 8C B4 3A EF A5 23  ..%...9s@...:..#
0040: 95 06 4F 35 39 79 13 AF   44 7A 82 C4 E5 E8 E9 7E  ..O59y..Dz......
0050: C7 A5 C8 A5 C4 BB ED 1A   FA EF C1 B2 80 1F 7F A8  ................
0060: 1E 67 EE 56 2D 28 B8 55   1C 80 E9 2B 0E 59 12 B2  .g.V-(.U...+.Y..
0070: 35 B6 86 94 01 F9 F0 BF   61 5F BB 14 74 1B 12 C7  5.......a_..t...
0080: 81 90 F4 53 6B A9 C1 C8   D3 2F 83 09 D4 1F B0 76  ...Sk..../.....v
0090: B6 4A 83 1F DD F0 36 BD   FC F0 E8 D3 60 E9 88 74  .J....6.....`..t
00A0: D6 0D F4 92 ED A0 27 B1   B0 8E 0F E0 B8 04 6B F9  ......'.......k.
00B0: D5 FF E2 7E A2 E7 08 E1   08 9D 2D 17 14 A9 B8 44  ..........-....D
00C0: 33 63 DB 1C 96 0A D4 46   0F FF 5D 88 86 36 B6 A8  3c.....F..]..6..
00D0: 0A F2 97 30 17 3B B1 DB   4F AE DF 35 08 8E 82 58  ...0.;..O..5...X
00E0: 42 5B E2 F8 4D CE BB E9   D7 07 1F C3 00 5C C4 78  B[..M........\.x
00F0: AA 02 86 4D CF D2 66 FE   47 80 7C CB E6 0C DD 2F  ...M..f.G....../

]
Caught exception in handleMessage: java.lang.NullPointerException
Continue normal processing...
Inbound SOAP message:
<S:Envelope xmlns:S="http://schemas.xmlsoap.org/soap/envelope/" xmlns:SOAP-ENV="http://schemas.xmlsoap.org/soap/envelope/"><SOAP-ENV:Header><d:myHeader xmlns:d="http://demo">IEGRPc962kg+hlwcSZ2tSpA/WIcuXLqc0Dt7tLnzsnmUSvYpBqSIurGK1XLkdJJnolwU1ulBn8cRy8yeKQudj1ii32rLCNrXQGPfqq0SKVsY+8CYkqoYxnYwDqFYEl0EezEFgQSz7OjxY4aVj1euEZYHz++LcOLfwQiDMwW4lieRNRRjFR5PLHA2WUnZyRq5RqCjD8YuH+rStV8GhqlQV7OeWUsmNARh5MVGHtH+58I6kOZsLVMToLR62YfvGebEvxrvRQNGPFfQjNAB+4jGiqSE5ChIZqqakMhQeCu9sKG4WDyxqy7SEGSFyTBa5vBwBnxlytVku0XJXTwN2vsbag==</d:myHeader><e:myRequestHeader xmlns:e="urn:example">UpaTransporter1</e:myRequestHeader><e:myID xmlns:e="http://demo">2668ffd3-35a5-42ce-b2b7-fdc7ad6ad607</e:myID><d:myHeader1 xmlns:d="http://demo">wLS65pyPQuWB2KHJk9dvIkgwrF5P8FEg4s/eFSaqUoCG5PscY40hlDBPiNyQbiEca6Dz4fN1V0NwDWvxEFdku0gwenN3/AyrkT/jNdh201a+REwm1mywsz3ZMUz43jQJ3w+M2Vdn8xU/0N0dReH3BOoN7vx9i91qZCmqNOCTxFobjwVdd6a8hNCWRxRH7NjIfT17bfN3en8/Eyp2pis3iqd+szfEv81LrcdRjnfCkLQMOfXkrlLnpZ4nuGH47Zi60sVlilz/qC+v0zBHfwawEGgdooHyKXRU4UMIIhX/E3bFnys1SRPTtOEp5W7Dx0AFKdbQWM4o4l3Qt8PxbSGFNg==</d:myHeader1></SOAP-ENV:Header><S:Body><ns2:jobStatusResponse xmlns:ns2="http://ws.transporter.upa.pt/"><return><companyName>UpaTransporter1</companyName><jobIdentifier>0</jobIdentifier><jobOrigin>Lisboa</jobOrigin><jobDestination>Coimbra</jobDestination><jobPrice>5</jobPrice><jobState>ACCEPTED</jobState></return></ns2:jobStatusResponse></S:Body></S:Envelope>
Outbound SOAP message:
<S:Envelope xmlns:S="http://schemas.xmlsoap.org/soap/envelope/" xmlns:SOAP-ENV="http://schemas.xmlsoap.org/soap/envelope/"><SOAP-ENV:Header/><S:Body><ns2:jobStatus xmlns:ns2="http://ws.transporter.upa.pt/"><id>0</id></ns2:jobStatus></S:Body></S:Envelope>
AddHeaderHandler: Handling message.
Text:
[S:Body: null]
Bytes:
5B533A426F64793A206E756C6C5D
Signing ...
Caught exception in handleMessage: java.lang.NullPointerException
Continue normal processing...
AddHeaderHandler: Handling message.
Text:
[S:Body: null]
Bytes:
5B533A426F64793A206E756C6C5D
got 'UpaTransporter1'
Contacting UDDI at http://localhost:9090
Looking for 'Ca'
Found http://localhost:8090/ca-ws/endpoint
Creating stub ...
Setting endpoint address ...
[
[
  Version: V1
  Subject: CN=DistributedSystems, OU=DEI, O=IST, L=Lisbon, ST=Lisbon, C=PT
  Signature Algorithm: SHA256withRSA, OID = 1.2.840.113549.1.1.11

  Key:  Sun RSA public key, 2048 bits
  modulus: 26667733344901105960569751727828569487214718708670945411188295642815606009560465347954545110592222944090982918465809468419238097364240524173209724878583398722100079734240131613765957603945675438531277654589865657668875533447087897042522082820053362269921081494634218619103722283987100002127744495735659330377296158667180517233635226043251542377330609155607362306352555072875158429670985653207961321353434474546723452521700302196843309492385382168858877968545394718449793701241526884292374101949696866959127615458759504166010855854580719538864213377660845095685904776645547354617687492052899918169806504259680521841033
  public exponent: 65537
  Validity: [From: Thu May 12 17:06:51 WEST 2016,
               To: Wed Aug 10 17:06:51 WEST 2016]
  Issuer: C=PT, L=Lisbon, O=IST, OU=DEI, CN=DistributedSystems
  SerialNumber: [    e012b535 b8ce9382]

]
  Algorithm: [SHA256withRSA]
  Signature:
0000: 26 0A 45 7B D7 52 8A 8F   BE 4A 66 D8 54 FC 68 C3  &.E..R...Jf.T.h.
0010: 07 08 D8 44 DB D3 C7 BB   DF C4 0D 18 28 67 D4 30  ...D........(g.0
0020: 15 3D 66 17 A9 74 76 FA   56 61 99 2F 46 EE 96 DF  .=f..tv.Va./F...
0030: 92 9C 25 F4 7B D3 39 73   40 C1 8C B4 3A EF A5 23  ..%...9s@...:..#
0040: 95 06 4F 35 39 79 13 AF   44 7A 82 C4 E5 E8 E9 7E  ..O59y..Dz......
0050: C7 A5 C8 A5 C4 BB ED 1A   FA EF C1 B2 80 1F 7F A8  ................
0060: 1E 67 EE 56 2D 28 B8 55   1C 80 E9 2B 0E 59 12 B2  .g.V-(.U...+.Y..
0070: 35 B6 86 94 01 F9 F0 BF   61 5F BB 14 74 1B 12 C7  5.......a_..t...
0080: 81 90 F4 53 6B A9 C1 C8   D3 2F 83 09 D4 1F B0 76  ...Sk..../.....v
0090: B6 4A 83 1F DD F0 36 BD   FC F0 E8 D3 60 E9 88 74  .J....6.....`..t
00A0: D6 0D F4 92 ED A0 27 B1   B0 8E 0F E0 B8 04 6B F9  ......'.......k.
00B0: D5 FF E2 7E A2 E7 08 E1   08 9D 2D 17 14 A9 B8 44  ..........-....D
00C0: 33 63 DB 1C 96 0A D4 46   0F FF 5D 88 86 36 B6 A8  3c.....F..]..6..
00D0: 0A F2 97 30 17 3B B1 DB   4F AE DF 35 08 8E 82 58  ...0.;..O..5...X
00E0: 42 5B E2 F8 4D CE BB E9   D7 07 1F C3 00 5C C4 78  B[..M........\.x
00F0: AA 02 86 4D CF D2 66 FE   47 80 7C CB E6 0C DD 2F  ...M..f.G....../

]
Caught exception in handleMessage: java.lang.NullPointerException
Continue normal processing...
Inbound SOAP message:
<S:Envelope xmlns:S="http://schemas.xmlsoap.org/soap/envelope/" xmlns:SOAP-ENV="http://schemas.xmlsoap.org/soap/envelope/"><SOAP-ENV:Header><d:myHeader xmlns:d="http://demo">IEGRPc962kg+hlwcSZ2tSpA/WIcuXLqc0Dt7tLnzsnmUSvYpBqSIurGK1XLkdJJnolwU1ulBn8cRy8yeKQudj1ii32rLCNrXQGPfqq0SKVsY+8CYkqoYxnYwDqFYEl0EezEFgQSz7OjxY4aVj1euEZYHz++LcOLfwQiDMwW4lieRNRRjFR5PLHA2WUnZyRq5RqCjD8YuH+rStV8GhqlQV7OeWUsmNARh5MVGHtH+58I6kOZsLVMToLR62YfvGebEvxrvRQNGPFfQjNAB+4jGiqSE5ChIZqqakMhQeCu9sKG4WDyxqy7SEGSFyTBa5vBwBnxlytVku0XJXTwN2vsbag==</d:myHeader><e:myRequestHeader xmlns:e="urn:example">UpaTransporter1</e:myRequestHeader><e:myID xmlns:e="http://demo">cc40a4d8-3c06-42e0-b43b-fbddaf072228</e:myID><d:myHeader1 xmlns:d="http://demo">XTokQDOt8fXdoLKAv7+cT800PAVKOfUalwvghYGWYHODmBODS8k73+WJK8uXwSvEyfGA+/HIppnmvEgcHepqWgAMQAdJ+TRvQj++XbhYXauVv3p0GACG3QcCdiMuSyg4x47KmyS+bEL0g6lIS1lpra+4I4UHtlaC6t9AKZJr1TNcmret3rDxnwre3PmaObMi5wOyf1TxHexCLxquwQArkgQbzWeypzlJeEqqejQpkHvXuwZfTImO4XPwPaXmX4E8HK8MOwyjR1FxGKXJhuM5ZZVAB8QIR+dzHBOXsOs9gpRig+9MgaPg/+ZI8cDsCBBeLGWryUvn+gcY3g/ndQbEWw==</d:myHeader1></SOAP-ENV:Header><S:Body><ns2:jobStatusResponse xmlns:ns2="http://ws.transporter.upa.pt/"><return><companyName>UpaTransporter1</companyName><jobIdentifier>0</jobIdentifier><jobOrigin>Lisboa</jobOrigin><jobDestination>Coimbra</jobDestination><jobPrice>5</jobPrice><jobState>ACCEPTED</jobState></return></ns2:jobStatusResponse></S:Body></S:Envelope>
Outbound SOAP message:
<S:Envelope xmlns:S="http://schemas.xmlsoap.org/soap/envelope/" xmlns:SOAP-ENV="http://schemas.xmlsoap.org/soap/envelope/"><SOAP-ENV:Header/><S:Body><ns2:jobStatus xmlns:ns2="http://ws.transporter.upa.pt/"><id>0</id></ns2:jobStatus></S:Body></S:Envelope>
AddHeaderHandler: Handling message.
Text:
[S:Body: null]
Bytes:
5B533A426F64793A206E756C6C5D
Signing ...
Caught exception in handleMessage: java.lang.NullPointerException
Continue normal processing...
AddHeaderHandler: Handling message.
Text:
[S:Body: null]
Bytes:
5B533A426F64793A206E756C6C5D
got 'UpaTransporter1'
Contacting UDDI at http://localhost:9090
Looking for 'Ca'
Found http://localhost:8090/ca-ws/endpoint
Creating stub ...
Setting endpoint address ...
[
[
  Version: V1
  Subject: CN=DistributedSystems, OU=DEI, O=IST, L=Lisbon, ST=Lisbon, C=PT
  Signature Algorithm: SHA256withRSA, OID = 1.2.840.113549.1.1.11

  Key:  Sun RSA public key, 2048 bits
  modulus: 26667733344901105960569751727828569487214718708670945411188295642815606009560465347954545110592222944090982918465809468419238097364240524173209724878583398722100079734240131613765957603945675438531277654589865657668875533447087897042522082820053362269921081494634218619103722283987100002127744495735659330377296158667180517233635226043251542377330609155607362306352555072875158429670985653207961321353434474546723452521700302196843309492385382168858877968545394718449793701241526884292374101949696866959127615458759504166010855854580719538864213377660845095685904776645547354617687492052899918169806504259680521841033
  public exponent: 65537
  Validity: [From: Thu May 12 17:06:51 WEST 2016,
               To: Wed Aug 10 17:06:51 WEST 2016]
  Issuer: C=PT, L=Lisbon, O=IST, OU=DEI, CN=DistributedSystems
  SerialNumber: [    e012b535 b8ce9382]

]
  Algorithm: [SHA256withRSA]
  Signature:
0000: 26 0A 45 7B D7 52 8A 8F   BE 4A 66 D8 54 FC 68 C3  &.E..R...Jf.T.h.
0010: 07 08 D8 44 DB D3 C7 BB   DF C4 0D 18 28 67 D4 30  ...D........(g.0
0020: 15 3D 66 17 A9 74 76 FA   56 61 99 2F 46 EE 96 DF  .=f..tv.Va./F...
0030: 92 9C 25 F4 7B D3 39 73   40 C1 8C B4 3A EF A5 23  ..%...9s@...:..#
0040: 95 06 4F 35 39 79 13 AF   44 7A 82 C4 E5 E8 E9 7E  ..O59y..Dz......
0050: C7 A5 C8 A5 C4 BB ED 1A   FA EF C1 B2 80 1F 7F A8  ................
0060: 1E 67 EE 56 2D 28 B8 55   1C 80 E9 2B 0E 59 12 B2  .g.V-(.U...+.Y..
0070: 35 B6 86 94 01 F9 F0 BF   61 5F BB 14 74 1B 12 C7  5.......a_..t...
0080: 81 90 F4 53 6B A9 C1 C8   D3 2F 83 09 D4 1F B0 76  ...Sk..../.....v
0090: B6 4A 83 1F DD F0 36 BD   FC F0 E8 D3 60 E9 88 74  .J....6.....`..t
00A0: D6 0D F4 92 ED A0 27 B1   B0 8E 0F E0 B8 04 6B F9  ......'.......k.
00B0: D5 FF E2 7E A2 E7 08 E1   08 9D 2D 17 14 A9 B8 44  ..........-....D
00C0: 33 63 DB 1C 96 0A D4 46   0F FF 5D 88 86 36 B6 A8  3c.....F..]..6..
00D0: 0A F2 97 30 17 3B B1 DB   4F AE DF 35 08 8E 82 58  ...0.;..O..5...X
00E0: 42 5B E2 F8 4D CE BB E9   D7 07 1F C3 00 5C C4 78  B[..M........\.x
00F0: AA 02 86 4D CF D2 66 FE   47 80 7C CB E6 0C DD 2F  ...M..f.G....../

]
Caught exception in handleMessage: java.lang.NullPointerException
Continue normal processing...
Inbound SOAP message:
<S:Envelope xmlns:S="http://schemas.xmlsoap.org/soap/envelope/" xmlns:SOAP-ENV="http://schemas.xmlsoap.org/soap/envelope/"><SOAP-ENV:Header><d:myHeader xmlns:d="http://demo">IEGRPc962kg+hlwcSZ2tSpA/WIcuXLqc0Dt7tLnzsnmUSvYpBqSIurGK1XLkdJJnolwU1ulBn8cRy8yeKQudj1ii32rLCNrXQGPfqq0SKVsY+8CYkqoYxnYwDqFYEl0EezEFgQSz7OjxY4aVj1euEZYHz++LcOLfwQiDMwW4lieRNRRjFR5PLHA2WUnZyRq5RqCjD8YuH+rStV8GhqlQV7OeWUsmNARh5MVGHtH+58I6kOZsLVMToLR62YfvGebEvxrvRQNGPFfQjNAB+4jGiqSE5ChIZqqakMhQeCu9sKG4WDyxqy7SEGSFyTBa5vBwBnxlytVku0XJXTwN2vsbag==</d:myHeader><e:myRequestHeader xmlns:e="urn:example">UpaTransporter1</e:myRequestHeader><e:myID xmlns:e="http://demo">98c92f50-09bc-4ef2-850d-2e0d32dcbd11</e:myID><d:myHeader1 xmlns:d="http://demo">DGAyiUDopcaYYnnwyFup3FQ6iPsmbopqTg3JKyTb/ppGjjQN5MSGjqdbXxjdh+26ZvvBtl0K/sx+IdTaJn5RRCvzT2OtRYjwAH19mFKm89VXrZYoVow7aLUzUJEaJWgUQa6iyRYRedI8jZwom5sIMitnLYK8kFZj7BmypXY214R04hlIku5/gAH1aqJj+VvRPLxI0TgR2Cqg/Q5W8HUq6sQyoVXX/D7rufyokvkCihsMQfo2nxNMqvJMLqMm6nPkR9z2PRiH1uEkP1FnfzHD9d0dA412CFb8sLjOwABLox8gyvfJR3TS969ZT+EBW4ZKK4dL0z5/gqZpLh1VJsShug==</d:myHeader1></SOAP-ENV:Header><S:Body><ns2:jobStatusResponse xmlns:ns2="http://ws.transporter.upa.pt/"><return><companyName>UpaTransporter1</companyName><jobIdentifier>0</jobIdentifier><jobOrigin>Lisboa</jobOrigin><jobDestination>Coimbra</jobDestination><jobPrice>5</jobPrice><jobState>ACCEPTED</jobState></return></ns2:jobStatusResponse></S:Body></S:Envelope>
Outbound SOAP message:
<S:Envelope xmlns:S="http://schemas.xmlsoap.org/soap/envelope/" xmlns:SOAP-ENV="http://schemas.xmlsoap.org/soap/envelope/"><SOAP-ENV:Header/><S:Body><ns2:jobStatus xmlns:ns2="http://ws.transporter.upa.pt/"><id>0</id></ns2:jobStatus></S:Body></S:Envelope>
AddHeaderHandler: Handling message.
Text:
[S:Body: null]
Bytes:
5B533A426F64793A206E756C6C5D
Signing ...
Caught exception in handleMessage: java.lang.NullPointerException
Continue normal processing...
AddHeaderHandler: Handling message.
Text:
[S:Body: null]
Bytes:
5B533A426F64793A206E756C6C5D
got 'UpaTransporter1'
Contacting UDDI at http://localhost:9090
Looking for 'Ca'
Found http://localhost:8090/ca-ws/endpoint
Creating stub ...
Setting endpoint address ...
[
[
  Version: V1
  Subject: CN=DistributedSystems, OU=DEI, O=IST, L=Lisbon, ST=Lisbon, C=PT
  Signature Algorithm: SHA256withRSA, OID = 1.2.840.113549.1.1.11

  Key:  Sun RSA public key, 2048 bits
  modulus: 26667733344901105960569751727828569487214718708670945411188295642815606009560465347954545110592222944090982918465809468419238097364240524173209724878583398722100079734240131613765957603945675438531277654589865657668875533447087897042522082820053362269921081494634218619103722283987100002127744495735659330377296158667180517233635226043251542377330609155607362306352555072875158429670985653207961321353434474546723452521700302196843309492385382168858877968545394718449793701241526884292374101949696866959127615458759504166010855854580719538864213377660845095685904776645547354617687492052899918169806504259680521841033
  public exponent: 65537
  Validity: [From: Thu May 12 17:06:51 WEST 2016,
               To: Wed Aug 10 17:06:51 WEST 2016]
  Issuer: C=PT, L=Lisbon, O=IST, OU=DEI, CN=DistributedSystems
  SerialNumber: [    e012b535 b8ce9382]

]
  Algorithm: [SHA256withRSA]
  Signature:
0000: 26 0A 45 7B D7 52 8A 8F   BE 4A 66 D8 54 FC 68 C3  &.E..R...Jf.T.h.
0010: 07 08 D8 44 DB D3 C7 BB   DF C4 0D 18 28 67 D4 30  ...D........(g.0
0020: 15 3D 66 17 A9 74 76 FA   56 61 99 2F 46 EE 96 DF  .=f..tv.Va./F...
0030: 92 9C 25 F4 7B D3 39 73   40 C1 8C B4 3A EF A5 23  ..%...9s@...:..#
0040: 95 06 4F 35 39 79 13 AF   44 7A 82 C4 E5 E8 E9 7E  ..O59y..Dz......
0050: C7 A5 C8 A5 C4 BB ED 1A   FA EF C1 B2 80 1F 7F A8  ................
0060: 1E 67 EE 56 2D 28 B8 55   1C 80 E9 2B 0E 59 12 B2  .g.V-(.U...+.Y..
0070: 35 B6 86 94 01 F9 F0 BF   61 5F BB 14 74 1B 12 C7  5.......a_..t...
0080: 81 90 F4 53 6B A9 C1 C8   D3 2F 83 09 D4 1F B0 76  ...Sk..../.....v
0090: B6 4A 83 1F DD F0 36 BD   FC F0 E8 D3 60 E9 88 74  .J....6.....`..t
00A0: D6 0D F4 92 ED A0 27 B1   B0 8E 0F E0 B8 04 6B F9  ......'.......k.
00B0: D5 FF E2 7E A2 E7 08 E1   08 9D 2D 17 14 A9 B8 44  ..........-....D
00C0: 33 63 DB 1C 96 0A D4 46   0F FF 5D 88 86 36 B6 A8  3c.....F..]..6..
00D0: 0A F2 97 30 17 3B B1 DB   4F AE DF 35 08 8E 82 58  ...0.;..O..5...X
00E0: 42 5B E2 F8 4D CE BB E9   D7 07 1F C3 00 5C C4 78  B[..M........\.x
00F0: AA 02 86 4D CF D2 66 FE   47 80 7C CB E6 0C DD 2F  ...M..f.G....../

]
Caught exception in handleMessage: java.lang.NullPointerException
Continue normal processing...
Inbound SOAP message:
<S:Envelope xmlns:S="http://schemas.xmlsoap.org/soap/envelope/" xmlns:SOAP-ENV="http://schemas.xmlsoap.org/soap/envelope/"><SOAP-ENV:Header><d:myHeader xmlns:d="http://demo">IEGRPc962kg+hlwcSZ2tSpA/WIcuXLqc0Dt7tLnzsnmUSvYpBqSIurGK1XLkdJJnolwU1ulBn8cRy8yeKQudj1ii32rLCNrXQGPfqq0SKVsY+8CYkqoYxnYwDqFYEl0EezEFgQSz7OjxY4aVj1euEZYHz++LcOLfwQiDMwW4lieRNRRjFR5PLHA2WUnZyRq5RqCjD8YuH+rStV8GhqlQV7OeWUsmNARh5MVGHtH+58I6kOZsLVMToLR62YfvGebEvxrvRQNGPFfQjNAB+4jGiqSE5ChIZqqakMhQeCu9sKG4WDyxqy7SEGSFyTBa5vBwBnxlytVku0XJXTwN2vsbag==</d:myHeader><e:myRequestHeader xmlns:e="urn:example">UpaTransporter1</e:myRequestHeader><e:myID xmlns:e="http://demo">f306b3d8-c72f-4e39-843c-963fea397ab3</e:myID><d:myHeader1 xmlns:d="http://demo">ZpIVuVh5m4gAy5QfZskQksJKKs5Fk8R78t6WFiWfdp7ubIShCyZM8db9EKP2cmfnm+FgalR7S4SkEXe2bvhJDuOwh8zCPYPWZPUg1gjBVzzgvCXt6y4KrlzSi2cV7+L/0qaM/wlyc28qWqp8vceUOq5UMeyl1SAj8311359t3HCdShJmQKl3iPNOHpBgJgOPO0Rds5Un8A8IbKX6wr101dqP01jrxxKRaAcjjdAUXKvoBQMPHJ3PIW3V9upDhSaVIBtbAvNYKmujMFFmGU5e0uVKr9WMFUnLjzEpa2nBeM+S62zf/Vt+NW/1QyByzfzqufIitEG/p3XJ1iamlB4SyQ==</d:myHeader1></SOAP-ENV:Header><S:Body><ns2:jobStatusResponse xmlns:ns2="http://ws.transporter.upa.pt/"><return><companyName>UpaTransporter1</companyName><jobIdentifier>0</jobIdentifier><jobOrigin>Lisboa</jobOrigin><jobDestination>Coimbra</jobDestination><jobPrice>5</jobPrice><jobState>ACCEPTED</jobState></return></ns2:jobStatusResponse></S:Body></S:Envelope>
Outbound SOAP message:
<S:Envelope xmlns:S="http://schemas.xmlsoap.org/soap/envelope/" xmlns:SOAP-ENV="http://schemas.xmlsoap.org/soap/envelope/"><SOAP-ENV:Header/><S:Body><ns2:jobStatus xmlns:ns2="http://ws.transporter.upa.pt/"><id>0</id></ns2:jobStatus></S:Body></S:Envelope>
AddHeaderHandler: Handling message.
Text:
[S:Body: null]
Bytes:
5B533A426F64793A206E756C6C5D
Signing ...
Caught exception in handleMessage: java.lang.NullPointerException
Continue normal processing...
AddHeaderHandler: Handling message.
Text:
[S:Body: null]
Bytes:
5B533A426F64793A206E756C6C5D
got 'UpaTransporter1'
Contacting UDDI at http://localhost:9090
Looking for 'Ca'
Found http://localhost:8090/ca-ws/endpoint
Creating stub ...
Setting endpoint address ...
[
[
  Version: V1
  Subject: CN=DistributedSystems, OU=DEI, O=IST, L=Lisbon, ST=Lisbon, C=PT
  Signature Algorithm: SHA256withRSA, OID = 1.2.840.113549.1.1.11

  Key:  Sun RSA public key, 2048 bits
  modulus: 26667733344901105960569751727828569487214718708670945411188295642815606009560465347954545110592222944090982918465809468419238097364240524173209724878583398722100079734240131613765957603945675438531277654589865657668875533447087897042522082820053362269921081494634218619103722283987100002127744495735659330377296158667180517233635226043251542377330609155607362306352555072875158429670985653207961321353434474546723452521700302196843309492385382168858877968545394718449793701241526884292374101949696866959127615458759504166010855854580719538864213377660845095685904776645547354617687492052899918169806504259680521841033
  public exponent: 65537
  Validity: [From: Thu May 12 17:06:51 WEST 2016,
               To: Wed Aug 10 17:06:51 WEST 2016]
  Issuer: C=PT, L=Lisbon, O=IST, OU=DEI, CN=DistributedSystems
  SerialNumber: [    e012b535 b8ce9382]

]
  Algorithm: [SHA256withRSA]
  Signature:
0000: 26 0A 45 7B D7 52 8A 8F   BE 4A 66 D8 54 FC 68 C3  &.E..R...Jf.T.h.
0010: 07 08 D8 44 DB D3 C7 BB   DF C4 0D 18 28 67 D4 30  ...D........(g.0
0020: 15 3D 66 17 A9 74 76 FA   56 61 99 2F 46 EE 96 DF  .=f..tv.Va./F...
0030: 92 9C 25 F4 7B D3 39 73   40 C1 8C B4 3A EF A5 23  ..%...9s@...:..#
0040: 95 06 4F 35 39 79 13 AF   44 7A 82 C4 E5 E8 E9 7E  ..O59y..Dz......
0050: C7 A5 C8 A5 C4 BB ED 1A   FA EF C1 B2 80 1F 7F A8  ................
0060: 1E 67 EE 56 2D 28 B8 55   1C 80 E9 2B 0E 59 12 B2  .g.V-(.U...+.Y..
0070: 35 B6 86 94 01 F9 F0 BF   61 5F BB 14 74 1B 12 C7  5.......a_..t...
0080: 81 90 F4 53 6B A9 C1 C8   D3 2F 83 09 D4 1F B0 76  ...Sk..../.....v
0090: B6 4A 83 1F DD F0 36 BD   FC F0 E8 D3 60 E9 88 74  .J....6.....`..t
00A0: D6 0D F4 92 ED A0 27 B1   B0 8E 0F E0 B8 04 6B F9  ......'.......k.
00B0: D5 FF E2 7E A2 E7 08 E1   08 9D 2D 17 14 A9 B8 44  ..........-....D
00C0: 33 63 DB 1C 96 0A D4 46   0F FF 5D 88 86 36 B6 A8  3c.....F..]..6..
00D0: 0A F2 97 30 17 3B B1 DB   4F AE DF 35 08 8E 82 58  ...0.;..O..5...X
00E0: 42 5B E2 F8 4D CE BB E9   D7 07 1F C3 00 5C C4 78  B[..M........\.x
00F0: AA 02 86 4D CF D2 66 FE   47 80 7C CB E6 0C DD 2F  ...M..f.G....../

]
Caught exception in handleMessage: java.lang.NullPointerException
Continue normal processing...
Inbound SOAP message:
<S:Envelope xmlns:S="http://schemas.xmlsoap.org/soap/envelope/" xmlns:SOAP-ENV="http://schemas.xmlsoap.org/soap/envelope/"><SOAP-ENV:Header><d:myHeader xmlns:d="http://demo">IEGRPc962kg+hlwcSZ2tSpA/WIcuXLqc0Dt7tLnzsnmUSvYpBqSIurGK1XLkdJJnolwU1ulBn8cRy8yeKQudj1ii32rLCNrXQGPfqq0SKVsY+8CYkqoYxnYwDqFYEl0EezEFgQSz7OjxY4aVj1euEZYHz++LcOLfwQiDMwW4lieRNRRjFR5PLHA2WUnZyRq5RqCjD8YuH+rStV8GhqlQV7OeWUsmNARh5MVGHtH+58I6kOZsLVMToLR62YfvGebEvxrvRQNGPFfQjNAB+4jGiqSE5ChIZqqakMhQeCu9sKG4WDyxqy7SEGSFyTBa5vBwBnxlytVku0XJXTwN2vsbag==</d:myHeader><e:myRequestHeader xmlns:e="urn:example">UpaTransporter1</e:myRequestHeader><e:myID xmlns:e="http://demo">62597715-b5a9-4ded-945e-15c467de2af4</e:myID><d:myHeader1 xmlns:d="http://demo">rbQthb5MEamLJFPUTilUXhwhM+NVfY+ocTTtpvxyaFkc/YwIfyeqM58zaeDY79ju9i9J5g6GAf8YhODPv9fIBvFZIz51S0fyX1L9g4BAQFIOnMFBV72G2adFAPaA7cHUhhRJRTgIUeHBmp7kz9gtBOLeK+kdh/UL6ViSIPU94MTM5uLb1smdGAalWWOwayiHZohCm1JAyRNB1ecyP9jUXWhxZRhphLaYa3leNtC3GLp+mCQaHXUEiJfwSJwX4Hr1COLGhbT5zPsCKR2pSsC1nqKzitXYCRD0P7XiRlLoF+D3VEjInGeqnEgSueHY8vQ47/XwTUzHr4Ertr5yppDX0A==</d:myHeader1></SOAP-ENV:Header><S:Body><ns2:jobStatusResponse xmlns:ns2="http://ws.transporter.upa.pt/"><return><companyName>UpaTransporter1</companyName><jobIdentifier>0</jobIdentifier><jobOrigin>Lisboa</jobOrigin><jobDestination>Coimbra</jobDestination><jobPrice>5</jobPrice><jobState>ACCEPTED</jobState></return></ns2:jobStatusResponse></S:Body></S:Envelope>
Outbound SOAP message:
<S:Envelope xmlns:S="http://schemas.xmlsoap.org/soap/envelope/" xmlns:SOAP-ENV="http://schemas.xmlsoap.org/soap/envelope/"><SOAP-ENV:Header/><S:Body><ns2:jobStatus xmlns:ns2="http://ws.transporter.upa.pt/"><id>0</id></ns2:jobStatus></S:Body></S:Envelope>
AddHeaderHandler: Handling message.
Text:
[S:Body: null]
Bytes:
5B533A426F64793A206E756C6C5D
Signing ...
Caught exception in handleMessage: java.lang.NullPointerException
Continue normal processing...
AddHeaderHandler: Handling message.
Text:
[S:Body: null]
Bytes:
5B533A426F64793A206E756C6C5D
got 'UpaTransporter1'
Contacting UDDI at http://localhost:9090
Looking for 'Ca'
Found http://localhost:8090/ca-ws/endpoint
Creating stub ...
Setting endpoint address ...
[
[
  Version: V1
  Subject: CN=DistributedSystems, OU=DEI, O=IST, L=Lisbon, ST=Lisbon, C=PT
  Signature Algorithm: SHA256withRSA, OID = 1.2.840.113549.1.1.11

  Key:  Sun RSA public key, 2048 bits
  modulus: 26667733344901105960569751727828569487214718708670945411188295642815606009560465347954545110592222944090982918465809468419238097364240524173209724878583398722100079734240131613765957603945675438531277654589865657668875533447087897042522082820053362269921081494634218619103722283987100002127744495735659330377296158667180517233635226043251542377330609155607362306352555072875158429670985653207961321353434474546723452521700302196843309492385382168858877968545394718449793701241526884292374101949696866959127615458759504166010855854580719538864213377660845095685904776645547354617687492052899918169806504259680521841033
  public exponent: 65537
  Validity: [From: Thu May 12 17:06:51 WEST 2016,
               To: Wed Aug 10 17:06:51 WEST 2016]
  Issuer: C=PT, L=Lisbon, O=IST, OU=DEI, CN=DistributedSystems
  SerialNumber: [    e012b535 b8ce9382]

]
  Algorithm: [SHA256withRSA]
  Signature:
0000: 26 0A 45 7B D7 52 8A 8F   BE 4A 66 D8 54 FC 68 C3  &.E..R...Jf.T.h.
0010: 07 08 D8 44 DB D3 C7 BB   DF C4 0D 18 28 67 D4 30  ...D........(g.0
0020: 15 3D 66 17 A9 74 76 FA   56 61 99 2F 46 EE 96 DF  .=f..tv.Va./F...
0030: 92 9C 25 F4 7B D3 39 73   40 C1 8C B4 3A EF A5 23  ..%...9s@...:..#
0040: 95 06 4F 35 39 79 13 AF   44 7A 82 C4 E5 E8 E9 7E  ..O59y..Dz......
0050: C7 A5 C8 A5 C4 BB ED 1A   FA EF C1 B2 80 1F 7F A8  ................
0060: 1E 67 EE 56 2D 28 B8 55   1C 80 E9 2B 0E 59 12 B2  .g.V-(.U...+.Y..
0070: 35 B6 86 94 01 F9 F0 BF   61 5F BB 14 74 1B 12 C7  5.......a_..t...
0080: 81 90 F4 53 6B A9 C1 C8   D3 2F 83 09 D4 1F B0 76  ...Sk..../.....v
0090: B6 4A 83 1F DD F0 36 BD   FC F0 E8 D3 60 E9 88 74  .J....6.....`..t
00A0: D6 0D F4 92 ED A0 27 B1   B0 8E 0F E0 B8 04 6B F9  ......'.......k.
00B0: D5 FF E2 7E A2 E7 08 E1   08 9D 2D 17 14 A9 B8 44  ..........-....D
00C0: 33 63 DB 1C 96 0A D4 46   0F FF 5D 88 86 36 B6 A8  3c.....F..]..6..
00D0: 0A F2 97 30 17 3B B1 DB   4F AE DF 35 08 8E 82 58  ...0.;..O..5...X
00E0: 42 5B E2 F8 4D CE BB E9   D7 07 1F C3 00 5C C4 78  B[..M........\.x
00F0: AA 02 86 4D CF D2 66 FE   47 80 7C CB E6 0C DD 2F  ...M..f.G....../

]
Caught exception in handleMessage: java.lang.NullPointerException
Continue normal processing...
Inbound SOAP message:
[...]
Outbound SOAP message:
<S:Envelope xmlns:S="http://schemas.xmlsoap.org/soap/envelope/" xmlns:SOAP-ENV="http://schemas.xmlsoap.org/soap/envelope/"><SOAP-ENV:Header/><S:Body><ns2:jobStatus xmlns:ns2="http://ws.transporter.upa.pt/"><id>0</id></ns2:jobStatus></S:Body></S:Envelope>
AddHeaderHandler: Handling message.
Text:
[S:Body: null]
Bytes:
5B533A426F64793A206E756C6C5D
Signing ...
Caught exception in handleMessage: java.lang.NullPointerException
Continue normal processing...
AddHeaderHandler: Handling message.
Text:
[S:Body: null]
Bytes:
5B533A426F64793A206E756C6C5D
got 'UpaTransporter1'
Contacting UDDI at http://localhost:9090
Looking for 'Ca'
Found http://localhost:8090/ca-ws/endpoint
Creating stub ...
Setting endpoint address ...
[
[
  Version: V1
  Subject: CN=DistributedSystems, OU=DEI, O=IST, L=Lisbon, ST=Lisbon, C=PT
  Signature Algorithm: SHA256withRSA, OID = 1.2.840.113549.1.1.11

  Key:  Sun RSA public key, 2048 bits
  modulus: 26667733344901105960569751727828569487214718708670945411188295642815606009560465347954545110592222944090982918465809468419238097364240524173209724878583398722100079734240131613765957603945675438531277654589865657668875533447087897042522082820053362269921081494634218619103722283987100002127744495735659330377296158667180517233635226043251542377330609155607362306352555072875158429670985653207961321353434474546723452521700302196843309492385382168858877968545394718449793701241526884292374101949696866959127615458759504166010855854580719538864213377660845095685904776645547354617687492052899918169806504259680521841033
  public exponent: 65537
  Validity: [From: Thu May 12 17:06:51 WEST 2016,
               To: Wed Aug 10 17:06:51 WEST 2016]
  Issuer: C=PT, L=Lisbon, O=IST, OU=DEI, CN=DistributedSystems
  SerialNumber: [    e012b535 b8ce9382]

]
  Algorithm: [SHA256withRSA]
  Signature:
0000: 26 0A 45 7B D7 52 8A 8F   BE 4A 66 D8 54 FC 68 C3  &.E..R...Jf.T.h.
0010: 07 08 D8 44 DB D3 C7 BB   DF C4 0D 18 28 67 D4 30  ...D........(g.0
0020: 15 3D 66 17 A9 74 76 FA   56 61 99 2F 46 EE 96 DF  .=f..tv.Va./F...
0030: 92 9C 25 F4 7B D3 39 73   40 C1 8C B4 3A EF A5 23  ..%...9s@...:..#
0040: 95 06 4F 35 39 79 13 AF   44 7A 82 C4 E5 E8 E9 7E  ..O59y..Dz......
0050: C7 A5 C8 A5 C4 BB ED 1A   FA EF C1 B2 80 1F 7F A8  ................
0060: 1E 67 EE 56 2D 28 B8 55   1C 80 E9 2B 0E 59 12 B2  .g.V-(.U...+.Y..
0070: 35 B6 86 94 01 F9 F0 BF   61 5F BB 14 74 1B 12 C7  5.......a_..t...
0080: 81 90 F4 53 6B A9 C1 C8   D3 2F 83 09 D4 1F B0 76  ...Sk..../.....v
0090: B6 4A 83 1F DD F0 36 BD   FC F0 E8 D3 60 E9 88 74  .J....6.....`..t
00A0: D6 0D F4 92 ED A0 27 B1   B0 8E 0F E0 B8 04 6B F9  ......'.......k.
00B0: D5 FF E2 7E A2 E7 08 E1   08 9D 2D 17 14 A9 B8 44  ..........-....D
00C0: 33 63 DB 1C 96 0A D4 46   0F FF 5D 88 86 36 B6 A8  3c.....F..]..6..
00D0: 0A F2 97 30 17 3B B1 DB   4F AE DF 35 08 8E 82 58  ...0.;..O..5...X
00E0: 42 5B E2 F8 4D CE BB E9   D7 07 1F C3 00 5C C4 78  B[..M........\.x
00F0: AA 02 86 4D CF D2 66 FE   47 80 7C CB E6 0C DD 2F  ...M..f.G....../

]
Caught exception in handleMessage: java.lang.NullPointerException
Continue normal processing...
Inbound SOAP message:
<S:Envelope xmlns:S="http://schemas.xmlsoap.org/soap/envelope/" xmlns:SOAP-ENV="http://schemas.xmlsoap.org/soap/envelope/"><SOAP-ENV:Header><d:myHeader xmlns:d="http://demo">IEGRPc962kg+hlwcSZ2tSpA/WIcuXLqc0Dt7tLnzsnmUSvYpBqSIurGK1XLkdJJnolwU1ulBn8cRy8yeKQudj1ii32rLCNrXQGPfqq0SKVsY+8CYkqoYxnYwDqFYEl0EezEFgQSz7OjxY4aVj1euEZYHz++LcOLfwQiDMwW4lieRNRRjFR5PLHA2WUnZyRq5RqCjD8YuH+rStV8GhqlQV7OeWUsmNARh5MVGHtH+58I6kOZsLVMToLR62YfvGebEvxrvRQNGPFfQjNAB+4jGiqSE5ChIZqqakMhQeCu9sKG4WDyxqy7SEGSFyTBa5vBwBnxlytVku0XJXTwN2vsbag==</d:myHeader><e:myRequestHeader xmlns:e="urn:example">UpaTransporter1</e:myRequestHeader><e:myID xmlns:e="http://demo">82e33f02-9e25-4ce0-abe9-23ed22d352ba</e:myID><d:myHeader1 xmlns:d="http://demo">D0iXhiZcLfSafBWwvoCxNv1Aee+73Vqxe/oPLnliE4eXh6gD94v/HZwLvi++OkldEm+IoGaSSfpor55NRWXri/o6LeQCGZOGMkBjjzASbOhQisSB0ZE0HhGjWO7JEYmElygq7PofcDm+5pZJt4KW3+TBaP+KOGG83cpnN7HJvaN/NTDNb7ZU4Y9zkSQ3TX/wymdFUSLjs8lUPvHazv2vFz8dP79zOwKxxNIaDdV8aUzOODcuuXmqBsEl3Hb34ODB/u5PFEYBXKGHYjeP+jkiTvsRlds9BxxOLul8JaoRK1zsc+mUmlmE5KhRqmoiPueOmvzGuCLUkEzz/tgqnDBC9g==</d:myHeader1></SOAP-ENV:Header><S:Body><ns2:jobStatusResponse xmlns:ns2="http://ws.transporter.upa.pt/"><return><companyName>UpaTransporter1</companyName><jobIdentifier>0</jobIdentifier><jobOrigin>Lisboa</jobOrigin><jobDestination>Coimbra</jobDestination><jobPrice>5</jobPrice><jobState>COMPLETED</jobState></return></ns2:jobStatusResponse></S:Body></S:Envelope>
Outbound SOAP message:
<S:Envelope xmlns:S="http://schemas.xmlsoap.org/soap/envelope/" xmlns:SOAP-ENV="http://schemas.xmlsoap.org/soap/envelope/"><SOAP-ENV:Header/><S:Body><ns2:clearJobs xmlns:ns2="http://ws.transporter.upa.pt/"/></S:Body></S:Envelope>
AddHeaderHandler: Handling message.
Text:
[S:Body: null]
Bytes:
5B533A426F64793A206E756C6C5D
Signing ...
Caught exception in handleMessage: java.lang.NullPointerException
Continue normal processing...
AddHeaderHandler: Handling message.
Text:
[S:Body: null]
Bytes:
5B533A426F64793A206E756C6C5D
got 'UpaTransporter1'
Contacting UDDI at http://localhost:9090
Looking for 'Ca'
Found http://localhost:8090/ca-ws/endpoint
Creating stub ...
Setting endpoint address ...
[
[
  Version: V1
  Subject: CN=DistributedSystems, OU=DEI, O=IST, L=Lisbon, ST=Lisbon, C=PT
  Signature Algorithm: SHA256withRSA, OID = 1.2.840.113549.1.1.11

  Key:  Sun RSA public key, 2048 bits
  modulus: 26667733344901105960569751727828569487214718708670945411188295642815606009560465347954545110592222944090982918465809468419238097364240524173209724878583398722100079734240131613765957603945675438531277654589865657668875533447087897042522082820053362269921081494634218619103722283987100002127744495735659330377296158667180517233635226043251542377330609155607362306352555072875158429670985653207961321353434474546723452521700302196843309492385382168858877968545394718449793701241526884292374101949696866959127615458759504166010855854580719538864213377660845095685904776645547354617687492052899918169806504259680521841033
  public exponent: 65537
  Validity: [From: Thu May 12 17:06:51 WEST 2016,
               To: Wed Aug 10 17:06:51 WEST 2016]
  Issuer: C=PT, L=Lisbon, O=IST, OU=DEI, CN=DistributedSystems
  SerialNumber: [    e012b535 b8ce9382]

]
  Algorithm: [SHA256withRSA]
  Signature:
0000: 26 0A 45 7B D7 52 8A 8F   BE 4A 66 D8 54 FC 68 C3  &.E..R...Jf.T.h.
0010: 07 08 D8 44 DB D3 C7 BB   DF C4 0D 18 28 67 D4 30  ...D........(g.0
0020: 15 3D 66 17 A9 74 76 FA   56 61 99 2F 46 EE 96 DF  .=f..tv.Va./F...
0030: 92 9C 25 F4 7B D3 39 73   40 C1 8C B4 3A EF A5 23  ..%...9s@...:..#
0040: 95 06 4F 35 39 79 13 AF   44 7A 82 C4 E5 E8 E9 7E  ..O59y..Dz......
0050: C7 A5 C8 A5 C4 BB ED 1A   FA EF C1 B2 80 1F 7F A8  ................
0060: 1E 67 EE 56 2D 28 B8 55   1C 80 E9 2B 0E 59 12 B2  .g.V-(.U...+.Y..
0070: 35 B6 86 94 01 F9 F0 BF   61 5F BB 14 74 1B 12 C7  5.......a_..t...
0080: 81 90 F4 53 6B A9 C1 C8   D3 2F 83 09 D4 1F B0 76  ...Sk..../.....v
0090: B6 4A 83 1F DD F0 36 BD   FC F0 E8 D3 60 E9 88 74  .J....6.....`..t
00A0: D6 0D F4 92 ED A0 27 B1   B0 8E 0F E0 B8 04 6B F9  ......'.......k.
00B0: D5 FF E2 7E A2 E7 08 E1   08 9D 2D 17 14 A9 B8 44  ..........-....D
00C0: 33 63 DB 1C 96 0A D4 46   0F FF 5D 88 86 36 B6 A8  3c.....F..]..6..
00D0: 0A F2 97 30 17 3B B1 DB   4F AE DF 35 08 8E 82 58  ...0.;..O..5...X
00E0: 42 5B E2 F8 4D CE BB E9   D7 07 1F C3 00 5C C4 78  B[..M........\.x
00F0: AA 02 86 4D CF D2 66 FE   47 80 7C CB E6 0C DD 2F  ...M..f.G....../

]
Caught exception in handleMessage: java.lang.NullPointerException
Continue normal processing...
Inbound SOAP message:
<S:Envelope xmlns:S="http://schemas.xmlsoap.org/soap/envelope/" xmlns:SOAP-ENV="http://schemas.xmlsoap.org/soap/envelope/"><SOAP-ENV:Header><d:myHeader xmlns:d="http://demo">IEGRPc962kg+hlwcSZ2tSpA/WIcuXLqc0Dt7tLnzsnmUSvYpBqSIurGK1XLkdJJnolwU1ulBn8cRy8yeKQudj1ii32rLCNrXQGPfqq0SKVsY+8CYkqoYxnYwDqFYEl0EezEFgQSz7OjxY4aVj1euEZYHz++LcOLfwQiDMwW4lieRNRRjFR5PLHA2WUnZyRq5RqCjD8YuH+rStV8GhqlQV7OeWUsmNARh5MVGHtH+58I6kOZsLVMToLR62YfvGebEvxrvRQNGPFfQjNAB+4jGiqSE5ChIZqqakMhQeCu9sKG4WDyxqy7SEGSFyTBa5vBwBnxlytVku0XJXTwN2vsbag==</d:myHeader><e:myRequestHeader xmlns:e="urn:example">UpaTransporter1</e:myRequestHeader><e:myID xmlns:e="http://demo">431f9f0c-951b-44ea-b88e-64756036d48a</e:myID><d:myHeader1 xmlns:d="http://demo">k+ybOwL0qI2JyQb24w9s+tLEjy3ieZChG4YopecnvyGG37pFu3DLb/iOfKgWlK77qwbBSB5fm0Mpvfo3jpL6chDvjyxMeFOa/PoJMvayvNDjJ4tJiWYOCfh/84WffPZH0i0XdICmu6oyAUb2QBuCPMmGzLpSozO2MOwkwIo4pdA3yp1BgmbmeXOrYYJlDW5ND7CF4XwFFJc2bly/6iJnUNhQAPJeyeoK1eJClSMI+nXO9gQZ2X6tDSZqJbU6toJK99RnA8xmOCuEHOWJHxbav7pEnwn1vrP+F9fC9+MGK0uHKDw5ODH2VJRNA/p68+qqULJZTK7TYZSVZVwi+speEA==</d:myHeader1></SOAP-ENV:Header><S:Body><ns2:clearJobsResponse xmlns:ns2="http://ws.transporter.upa.pt/"/></S:Body></S:Envelope>
Outbound SOAP message:
<S:Envelope xmlns:S="http://schemas.xmlsoap.org/soap/envelope/" xmlns:SOAP-ENV="http://schemas.xmlsoap.org/soap/envelope/"><SOAP-ENV:Header/><S:Body><ns2:clearJobs xmlns:ns2="http://ws.transporter.upa.pt/"/></S:Body></S:Envelope>
AddHeaderHandler: Handling message.
Text:
[S:Body: null]
Bytes:
5B533A426F64793A206E756C6C5D
Signing ...
Caught exception in handleMessage: java.lang.NullPointerException
Continue normal processing...
AddHeaderHandler: Handling message.
Text:
[S:Body: null]
Bytes:
5B533A426F64793A206E756C6C5D
got 'UpaTransporter2'
Contacting UDDI at http://localhost:9090
Looking for 'Ca'
Found http://localhost:8090/ca-ws/endpoint
Creating stub ...
Setting endpoint address ...
[
[
  Version: V1
  Subject: CN=DistributedSystems, OU=DEI, O=IST, L=Lisbon, ST=Lisbon, C=PT
  Signature Algorithm: SHA256withRSA, OID = 1.2.840.113549.1.1.11

  Key:  Sun RSA public key, 2048 bits
  modulus: 25568275295135741729890398195085678501983649880129487905030106685140177289903286732294645744855579311327015189111743766558986631597483403998109237816719509855548063671147591339594123266175393529105645816429377601032458565328722076895305386127848841298633245803012232759828738355805026754412531665838656336324366251175816132758537932293363822463762743223417287926544455008676851230515941569899422749704962262936966223451886693593210107952875334266292692267422916364876394640386681342404529536777747738674963918465384318869448033794531154822935036828216720723508755036573670690921840596563692976630497858923918569523983
  public exponent: 65537
  Validity: [From: Thu May 12 17:06:52 WEST 2016,
               To: Wed Aug 10 17:06:52 WEST 2016]
  Issuer: C=PT, L=Lisbon, O=IST, OU=DEI, CN=DistributedSystems
  SerialNumber: [    e012b535 b8ce9383]

]
  Algorithm: [SHA256withRSA]
  Signature:
0000: A1 1A 86 8F F3 1F E9 0B   7E 49 74 FD B9 2D 52 12  .........It..-R.
0010: 71 06 75 3B 53 B6 F0 72   0A 11 81 C4 C9 35 7D CC  q.u;S..r.....5..
0020: FE 35 53 EA C3 A5 BF AB   82 FF 93 35 EE 65 E1 7D  .5S........5.e..
0030: 3C 73 E7 46 E1 AA 68 88   24 C8 48 30 12 77 B3 D1  <s.F..h.$.H0.w..
0040: 33 99 D9 CD 1E 2F 02 6B   C0 B4 7B 1D 7A 70 15 EE  3..../.k....zp..
0050: 70 E6 A2 0D FB 3F E8 67   A0 E7 F7 DE 39 EB 24 0E  p....?.g....9.$.
0060: A8 8F D5 BC 1E 16 F3 1B   B0 24 60 8C A5 98 BF 1B  .........$`.....
0070: 19 FF 88 CE E7 67 27 32   D4 D7 0F 01 AA E6 C0 B7  .....g'2........
0080: 2C 01 92 83 A4 F5 68 94   4E 86 93 18 55 35 43 8C  ,.....h.N...U5C.
0090: 19 51 5A 66 22 48 B2 B7   AE D7 88 A6 C6 C7 D3 58  .QZf"H.........X
00A0: 43 CD 11 3F A6 4C BF 52   54 6D 58 E0 46 A4 DE 43  C..?.L.RTmX.F..C
00B0: A1 38 BC F2 EB AD 98 4F   DF EE E9 29 24 F0 E1 EC  .8.....O...)$...
00C0: E7 73 A4 6D 32 25 3E 92   5B 8C B4 38 53 49 28 95  .s.m2%>.[..8SI(.
00D0: FC B5 BC A9 BC C1 67 07   6C E4 49 02 D9 0E E4 39  ......g.l.I....9
00E0: 22 C7 25 10 61 55 5E DF   03 27 F0 68 9A 80 3F 3F  ".%.aU^..'.h..??
00F0: DF CA E8 E2 B5 56 83 D4   5A 16 76 1B 90 3D 02 E9  .....V..Z.v..=..

]
Caught exception in handleMessage: java.lang.NullPointerException
Continue normal processing...
Inbound SOAP message:
<S:Envelope xmlns:S="http://schemas.xmlsoap.org/soap/envelope/" xmlns:SOAP-ENV="http://schemas.xmlsoap.org/soap/envelope/"><SOAP-ENV:Header><d:myHeader xmlns:d="http://demo">prk3NihuNAGNVPflOSJ/ItuMxCFPj7vIeb4/W1cELPJJRTDZ89IR2i2txjcXrAfmEJ+Ffq//DAemATZKF3loDutpivZaprj1+WOfbFT2AAoPE9F452YJiNOCUNVRre9ZKwlxQfU5wK5anPi0ufNylMNmyzdiqyHULEEv5KTm4g/nzlnncEjYLwLB3xaM+t+eGnmXSqjwva2c1CVQVpCHloU44TzarA7y5SC14jG851gwOAD+yOU3GLlbWE+DOgxvhDuj3WaqXNjAshU9zPZeGBOkWQn9jOWRjWkw4MwNzuWGUrjyTjxrmRcDP9xafQxOt/X5GBBi0NvoL0Z8K+dhFw==</d:myHeader><e:myRequestHeader xmlns:e="urn:example">UpaTransporter2</e:myRequestHeader><e:myID xmlns:e="http://demo">1b839105-d686-4ab2-8e4e-2d68b4d4133e</e:myID><d:myHeader1 xmlns:d="http://demo">H3c1O+PQ6GZcdHreoR149IGVF4GUETe0T/R1RTQ1WvhU9rzs2pc94eHiPhBImevTNUNxmFFp4kApKRtZ/h+REljhoqvyMyKUR/q8g0XxjlWaVfBIaXlPD+OEcfoIO6iNWJ5NZvxtOlHECzPN+ElWdWmL3cB+SKoCXowtHIZ2Ng5ZnH1HxD3cdQ58gglPOTjjjZmkWs5ZhTw+Y71I6tPOZWS0yO4xM0JKB6EP7gX8Ey3p1tu+eQpsTk2GQS80cc63sdBQ0rhIdYngFjy17rASZynu6pYjG816MsrdliEe4Q6LxkBsMD+1RtlhSLZ30FqybL7NVh7Fm2UzJrwLDNxXJw==</d:myHeader1></SOAP-ENV:Header><S:Body><ns2:clearJobsResponse xmlns:ns2="http://ws.transporter.upa.pt/"/></S:Body></S:Envelope>
]]></system-out>
    <system-err><![CDATA[Keystore file <null.jks> not fount.
Certificate file <ca-certificate.pem.txt> not found.
Keystore file <null.jks> not fount.
Certificate file <ca-certificate.pem.txt> not found.
Keystore file <null.jks> not fount.
Certificate file <ca-certificate.pem.txt> not found.
Keystore file <null.jks> not fount.
Certificate file <ca-certificate.pem.txt> not found.
Keystore file <null.jks> not fount.
Certificate file <ca-certificate.pem.txt> not found.
Keystore file <null.jks> not fount.
Certificate file <ca-certificate.pem.txt> not found.
Keystore file <null.jks> not fount.
Certificate file <ca-certificate.pem.txt> not found.
Keystore file <null.jks> not fount.
Certificate file <ca-certificate.pem.txt> not found.
Keystore file <null.jks> not fount.
Certificate file <ca-certificate.pem.txt> not found.
Keystore file <null.jks> not fount.
Certificate file <ca-certificate.pem.txt> not found.
Keystore file <null.jks> not fount.
Certificate file <ca-certificate.pem.txt> not found.
Keystore file <null.jks> not fount.
Certificate file <ca-certificate.pem.txt> not found.
Keystore file <null.jks> not fount.
Certificate file <ca-certificate.pem.txt> not found.
Keystore file <null.jks> not fount.
Certificate file <ca-certificate.pem.txt> not found.
Keystore file <null.jks> not fount.
Certificate file <ca-certificate.pem.txt> not found.
Keystore file <null.jks> not fount.
Certificate file <ca-certificate.pem.txt> not found.
Keystore file <null.jks> not fount.
Certificate file <ca-certificate.pem.txt> not found.
Keystore file <null.jks> not fount.
Certificate file <ca-certificate.pem.txt> not found.
Keystore file <null.jks> not fount.
Certificate file <ca-certificate.pem.txt> not found.
Keystore file <null.jks> not fount.
Certificate file <ca-certificate.pem.txt> not found.
Keystore file <null.jks> not fount.
Certificate file <ca-certificate.pem.txt> not found.
Keystore file <null.jks> not fount.
Certificate file <ca-certificate.pem.txt> not found.
Keystore file <null.jks> not fount.
Certificate file <ca-certificate.pem.txt> not found.
Keystore file <null.jks> not fount.
Certificate file <ca-certificate.pem.txt> not found.
Keystore file <null.jks> not fount.
Certificate file <ca-certificate.pem.txt> not found.
Keystore file <null.jks> not fount.
Certificate file <ca-certificate.pem.txt> not found.
Keystore file <null.jks> not fount.
Certificate file <ca-certificate.pem.txt> not found.
Keystore file <null.jks> not fount.
Certificate file <ca-certificate.pem.txt> not found.
Keystore file <null.jks> not fount.
Certificate file <ca-certificate.pem.txt> not found.
Keystore file <null.jks> not fount.
Certificate file <ca-certificate.pem.txt> not found.
Keystore file <null.jks> not fount.
Certificate file <ca-certificate.pem.txt> not found.
Keystore file <null.jks> not fount.
Certificate file <ca-certificate.pem.txt> not found.
Keystore file <null.jks> not fount.
Certificate file <ca-certificate.pem.txt> not found.
Keystore file <null.jks> not fount.
Certificate file <ca-certificate.pem.txt> not found.
Keystore file <null.jks> not fount.
Certificate file <ca-certificate.pem.txt> not found.
Keystore file <null.jks> not fount.
Certificate file <ca-certificate.pem.txt> not found.
Keystore file <null.jks> not fount.
Certificate file <ca-certificate.pem.txt> not found.
Keystore file <null.jks> not fount.
Certificate file <ca-certificate.pem.txt> not found.
Keystore file <null.jks> not fount.
Certificate file <ca-certificate.pem.txt> not found.
Keystore file <null.jks> not fount.
Certificate file <ca-certificate.pem.txt> not found.
Keystore file <null.jks> not fount.
Certificate file <ca-certificate.pem.txt> not found.
Keystore file <null.jks> not fount.
Certificate file <ca-certificate.pem.txt> not found.
Keystore file <null.jks> not fount.
Certificate file <ca-certificate.pem.txt> not found.
Keystore file <null.jks> not fount.
Certificate file <ca-certificate.pem.txt> not found.
Keystore file <null.jks> not fount.
Certificate file <ca-certificate.pem.txt> not found.
Keystore file <null.jks> not fount.
Certificate file <ca-certificate.pem.txt> not found.
Keystore file <null.jks> not fount.
Certificate file <ca-certificate.pem.txt> not found.
Keystore file <null.jks> not fount.
Certificate file <ca-certificate.pem.txt> not found.
Keystore file <null.jks> not fount.
Certificate file <ca-certificate.pem.txt> not found.
Keystore file <null.jks> not fount.
Certificate file <ca-certificate.pem.txt> not found.
Keystore file <null.jks> not fount.
Certificate file <ca-certificate.pem.txt> not found.
Keystore file <null.jks> not fount.
Certificate file <ca-certificate.pem.txt> not found.
Keystore file <null.jks> not fount.
Certificate file <ca-certificate.pem.txt> not found.
Keystore file <null.jks> not fount.
Certificate file <ca-certificate.pem.txt> not found.
Keystore file <null.jks> not fount.
Certificate file <ca-certificate.pem.txt> not found.
Keystore file <null.jks> not fount.
Certificate file <ca-certificate.pem.txt> not found.
Keystore file <null.jks> not fount.
Certificate file <ca-certificate.pem.txt> not found.
Keystore file <null.jks> not fount.
Certificate file <ca-certificate.pem.txt> not found.
Keystore file <null.jks> not fount.
Certificate file <ca-certificate.pem.txt> not found.
Keystore file <null.jks> not fount.
Certificate file <ca-certificate.pem.txt> not found.
Keystore file <null.jks> not fount.
Certificate file <ca-certificate.pem.txt> not found.
Keystore file <null.jks> not fount.
Certificate file <ca-certificate.pem.txt> not found.
Keystore file <null.jks> not fount.
Certificate file <ca-certificate.pem.txt> not found.
Keystore file <null.jks> not fount.
Certificate file <ca-certificate.pem.txt> not found.
Keystore file <null.jks> not fount.
Certificate file <ca-certificate.pem.txt> not found.
Keystore file <null.jks> not fount.
Certificate file <ca-certificate.pem.txt> not found.
Keystore file <null.jks> not fount.
Certificate file <ca-certificate.pem.txt> not found.
Keystore file <null.jks> not fount.
Certificate file <ca-certificate.pem.txt> not found.
Keystore file <null.jks> not fount.
Certificate file <ca-certificate.pem.txt> not found.
Keystore file <null.jks> not fount.
Certificate file <ca-certificate.pem.txt> not found.
Keystore file <null.jks> not fount.
Certificate file <ca-certificate.pem.txt> not found.
Keystore file <null.jks> not fount.
Certificate file <ca-certificate.pem.txt> not found.
]]></system-err>
  </testcase>
  <testcase name="testJobStatus" classname="pt.upa.transporter.ws.it.ExampleIT" time="0.568"/>
  <testcase name="testListJobs" classname="pt.upa.transporter.ws.it.ExampleIT" time="2.095"/>
</testsuite>